2022-12-14 16:49:50,113 [INFO] Activator:179 - 


2022-12-14 16:49:50,114 [INFO] Activator:180 - !SESSION log4j initialized
2022-12-14 16:49:51,718 [ERROR] LogOutputStream:74 - [STDERR_REDIRECT] 
2022-12-14 16:50:12,849 [ERROR] LogOutputStream:74 - [STDERR_REDIRECT] SLF4J: Failed to load class "org.slf4j.impl.StaticLoggerBinder".
2022-12-14 16:50:12,851 [ERROR] LogOutputStream:74 - [STDERR_REDIRECT] SLF4J: Defaulting to no-operation (NOP) logger implementation
2022-12-14 16:50:12,851 [ERROR] LogOutputStream:74 - [STDERR_REDIRECT] SLF4J: See http://www.slf4j.org/codes.html#StaticLoggerBinder for further details.
2022-12-14 16:51:23,038 [INFO] Activator:179 - 


2022-12-14 16:51:23,039 [INFO] Activator:180 - !SESSION log4j initialized
2022-12-14 16:51:24,850 [ERROR] LogOutputStream:74 - [STDERR_REDIRECT] 
2022-12-14 16:51:39,052 [INFO] McuFinderGlobals:52 - Set McuFinder mode to 2 (CubeIDE integrated)
2022-12-14 16:51:39,150 [INFO] ApplicationProperties:181 - Using Application install path: /Applications/STM32CubeIDE.app/Contents/Eclipse/plugins/com.st.stm32cube.common.mx_6.7.0.202211181646
2022-12-14 16:51:39,165 [INFO] DbMcusXml:77 - Set database path to: /Applications/STM32CubeIDE.app/Contents/Eclipse/plugins/com.st.stm32cube.common.mx_6.7.0.202211181646//db//mcu/
2022-12-14 16:51:39,166 [INFO] ApiDb:273 - Set plugin database path to: /Applications/STM32CubeIDE.app/Contents/Eclipse/plugins/com.st.stm32cube.common.mx_6.7.0.202211181646//db//plugins/boardmanager/
2022-12-14 16:51:39,169 [WARN] ApiDb:258 - Overriding images path with different value:  => /Applications/STM32CubeIDE.app/Contents/Eclipse/plugins/com.st.stm32cube.common.mx_6.7.0.202211181646//db//plugins/mcufinder/images/
2022-12-14 16:51:39,196 [INFO] ApiDb:249 - Set database path to: /Users/emil/.stmcufinder/plugins/mcufinder//mcu/
2022-12-14 16:51:39,198 [INFO] DbMcusAds:124 - Set database path to: /Users/emil/.stmcufinder/plugins/mcufinder//mcu/
2022-12-14 16:51:39,201 [INFO] CrossReferenceDbSqlite:202 - Set database path to: /Users/emil/.stmcufinder/plugins/mcufinder//mcu/cs/
2022-12-14 16:51:39,321 [INFO] RulesReader:61 - Compatibility file has been processed (283 Rules)
2022-12-14 16:51:39,383 [INFO] DbMcusXml:77 - Set database path to: /Applications/STM32CubeIDE.app/Contents/Eclipse/plugins/com.st.stm32cube.common.mx_6.7.0.202211181646//db//mcu/
2022-12-14 16:51:39,384 [INFO] ApiDb:273 - Set plugin database path to: /Applications/STM32CubeIDE.app/Contents/Eclipse/plugins/com.st.stm32cube.common.mx_6.7.0.202211181646//db//plugins/boardmanager/
2022-12-14 16:51:39,384 [INFO] ApiDb:260 - Set plugin images path to: /Applications/STM32CubeIDE.app/Contents/Eclipse/plugins/com.st.stm32cube.common.mx_6.7.0.202211181646//db//plugins/mcufinder/images/
2022-12-14 16:51:39,384 [WARN] DbFile:40 - Overriding database path with different value: /Users/emil/.stmcufinder/plugins/mcufinder/ => /Users/emil/.stmcufinder/plugins/mcufinder
2022-12-14 16:51:39,384 [INFO] ApiDb:249 - Set database path to: /Users/emil/.stmcufinder/plugins/mcufinder//mcu/
2022-12-14 16:51:39,385 [WARN] DbFile:40 - Overriding database path with different value: /Users/emil/.stmcufinder/plugins/mcufinder/ => /Users/emil/.stmcufinder/plugins/mcufinder
2022-12-14 16:51:39,385 [INFO] DbMcusAds:124 - Set database path to: /Users/emil/.stmcufinder/plugins/mcufinder//mcu/
2022-12-14 16:51:39,385 [WARN] DbFile:40 - Overriding database path with different value: /Users/emil/.stmcufinder/plugins/mcufinder/ => /Users/emil/.stmcufinder/plugins/mcufinder
2022-12-14 16:51:39,386 [WARN] DbFile:40 - Overriding database path with different value: /Users/emil/.stmcufinder/plugins/mcufinder/ => /Users/emil/.stmcufinder/plugins/mcufinder
2022-12-14 16:51:39,386 [INFO] CrossReferenceDbSqlite:202 - Set database path to: /Users/emil/.stmcufinder/plugins/mcufinder//mcu/cs/
2022-12-14 16:51:39,488 [INFO] MainPanel:252 - HeapMemory: 268435456
2022-12-14 16:51:39,581 [INFO] DbMcusXml:77 - Set database path to: /Applications/STM32CubeIDE.app/Contents/Eclipse/plugins/com.st.stm32cube.common.mx_6.7.0.202211181646//db//mcu/
2022-12-14 16:51:39,581 [INFO] ApiDb:273 - Set plugin database path to: /Applications/STM32CubeIDE.app/Contents/Eclipse/plugins/com.st.stm32cube.common.mx_6.7.0.202211181646//db//plugins/boardmanager/
2022-12-14 16:51:39,581 [INFO] ApiDb:260 - Set plugin images path to: /Applications/STM32CubeIDE.app/Contents/Eclipse/plugins/com.st.stm32cube.common.mx_6.7.0.202211181646//db//plugins/mcufinder/images/
2022-12-14 16:51:39,581 [WARN] DbFile:40 - Overriding database path with different value: /Users/emil/.stmcufinder/plugins/mcufinder/ => /Users/emil/.stmcufinder/plugins/mcufinder
2022-12-14 16:51:39,582 [INFO] ApiDb:249 - Set database path to: /Users/emil/.stmcufinder/plugins/mcufinder//mcu/
2022-12-14 16:51:39,582 [WARN] DbFile:40 - Overriding database path with different value: /Users/emil/.stmcufinder/plugins/mcufinder/ => /Users/emil/.stmcufinder/plugins/mcufinder
2022-12-14 16:51:39,582 [INFO] DbMcusAds:124 - Set database path to: /Users/emil/.stmcufinder/plugins/mcufinder//mcu/
2022-12-14 16:51:39,582 [WARN] DbFile:40 - Overriding database path with different value: /Users/emil/.stmcufinder/plugins/mcufinder/ => /Users/emil/.stmcufinder/plugins/mcufinder
2022-12-14 16:51:39,582 [WARN] DbFile:40 - Overriding database path with different value: /Users/emil/.stmcufinder/plugins/mcufinder/ => /Users/emil/.stmcufinder/plugins/mcufinder
2022-12-14 16:51:39,582 [INFO] CrossReferenceDbSqlite:202 - Set database path to: /Users/emil/.stmcufinder/plugins/mcufinder//mcu/cs/
2022-12-14 16:51:39,600 [INFO] ApplicationProperties:181 - Using Application install path: /Applications/STM32CubeIDE.app/Contents/Eclipse/plugins/com.st.stm32cube.common.mx_6.7.0.202211181646
2022-12-14 16:51:39,602 [INFO] PluginManage:193 - Search for loadable plugins [exclusion list=, ]
2022-12-14 16:51:39,603 [INFO] PluginManage:307 - Check plugin analytics
2022-12-14 16:51:39,802 [INFO] AnalyticsPlugin:262 - Accepted Software Licenses: 
2022-12-14 16:51:39,807 [INFO] AnalyticsPlugin:264 - Accepted CMSIS Pack Licenses: 
2022-12-14 16:51:39,808 [INFO] AnalyticsPlugin:266 - Accepted Firmware Licenses: 
2022-12-14 16:51:39,828 [INFO] PluginManage:356 - Loaded plugin analytics (category:tool,tabindex:-1)
2022-12-14 16:51:39,831 [INFO] PluginManage:307 - Check plugin cadmodel
2022-12-14 16:51:39,993 [INFO] CADModel:104 - Init CAD model plugin
2022-12-14 16:51:39,994 [INFO] PluginManage:356 - Loaded plugin cadmodel (category:power,tabindex:5)
2022-12-14 16:51:39,995 [INFO] PluginManage:307 - Check plugin clock
2022-12-14 16:51:40,007 [INFO] PluginManage:356 - Loaded plugin clock (category:base,tabindex:2)
2022-12-14 16:51:40,007 [INFO] PluginManage:307 - Check plugin ddr
2022-12-14 16:51:40,009 [INFO] PluginManage:356 - Loaded plugin ddr (category:tool,tabindex:6)
2022-12-14 16:51:40,010 [INFO] PluginManage:307 - Check plugin filemanager
2022-12-14 16:51:40,141 [INFO] PluginManage:356 - Loaded plugin filemanager (category:base,tabindex:10)
2022-12-14 16:51:40,142 [INFO] PluginManage:307 - Check plugin ipmanager
2022-12-14 16:51:40,152 [INFO] PluginManage:356 - Loaded plugin ipmanager (category:base,tabindex:5)
2022-12-14 16:51:40,152 [INFO] PluginManage:307 - Check plugin lpbam
2022-12-14 16:51:40,161 [INFO] PluginManage:356 - Loaded plugin lpbam (category:base,tabindex:0)
2022-12-14 16:51:40,161 [INFO] PluginManage:307 - Check plugin pinoutandconfiguration
2022-12-14 16:51:40,166 [INFO] PluginManage:356 - Loaded plugin pinoutandconfiguration (category:base,tabindex:1)
2022-12-14 16:51:40,167 [INFO] PluginManage:307 - Check plugin pinoutconfig
2022-12-14 16:51:40,203 [INFO] PluginManage:356 - Loaded plugin pinoutconfig (category:base,tabindex:0)
2022-12-14 16:51:40,205 [INFO] PluginManage:307 - Check plugin power
2022-12-14 16:51:40,216 [INFO] PluginManage:356 - Loaded plugin power (category:power,tabindex:4)
2022-12-14 16:51:40,217 [INFO] PluginManage:307 - Check plugin projectmanager
2022-12-14 16:51:40,238 [INFO] PluginManage:356 - Loaded plugin projectmanager (category:projectmanager,tabindex:3)
2022-12-14 16:51:40,239 [INFO] PluginManage:307 - Check plugin thirdparty
2022-12-14 16:51:40,380 [WARN] IntegrityCheckThread:82 - waiting for thirdparty lock release [integrity check]
2022-12-14 16:51:40,382 [INFO] PluginManage:356 - Loaded plugin thirdparty (category:base,tabindex:-1)
2022-12-14 16:51:40,382 [INFO] IntegrityCheckThread:84 - entering critical section [integrity check]
2022-12-14 16:51:40,382 [INFO] PluginManage:307 - Check plugin tools
2022-12-14 16:51:40,386 [INFO] PluginManage:356 - Loaded plugin tools (category:base,tabindex:7)
2022-12-14 16:51:40,386 [INFO] PluginManage:307 - Check plugin tutovideos
2022-12-14 16:51:40,387 [INFO] ThirdPartyUpdaterWithRetryManager:70 - Updater plugin not ready yet. [1/15]
2022-12-14 16:51:40,609 [INFO] PluginManage:356 - Loaded plugin tutovideos (category:base,tabindex:-1)
2022-12-14 16:51:40,610 [INFO] PluginManage:307 - Check plugin updater
2022-12-14 16:51:40,630 [INFO] PluginManage:356 - Loaded plugin updater (category:base,tabindex:12)
2022-12-14 16:51:40,631 [INFO] PluginManage:280 - PluginManage : Loaded plugins [15]
2022-12-14 16:51:40,914 [INFO] PinOutPanel:1477 - setPackage(No Configuration,No Configuration)
2022-12-14 16:51:40,984 [INFO] CADModel:164 - CPN selected for project level
2022-12-14 16:51:40,985 [INFO] CADModel:113 - Register for checkConnection events
2022-12-14 16:51:40,996 [INFO] IPUIPlugin:79 - create IPUIPlugin
2022-12-14 16:51:40,997 [INFO] PluginManager:219 - loadIPPluginJar : add mdma
2022-12-14 16:51:41,003 [INFO] IPUIPlugin:79 - create IPUIPlugin
2022-12-14 16:51:41,003 [INFO] PluginManager:219 - loadIPPluginJar : add freertos
2022-12-14 16:51:41,007 [INFO] IPUIPlugin:79 - create IPUIPlugin
2022-12-14 16:51:41,007 [INFO] PluginManager:219 - loadIPPluginJar : add gic
2022-12-14 16:51:41,015 [INFO] IPUIPlugin:79 - create IPUIPlugin
2022-12-14 16:51:41,015 [INFO] PluginManager:219 - loadIPPluginJar : add adc
2022-12-14 16:51:41,017 [INFO] IPUIPlugin:79 - create IPUIPlugin
2022-12-14 16:51:41,017 [INFO] PluginManager:219 - loadIPPluginJar : add gtzc
2022-12-14 16:51:41,019 [INFO] IPUIPlugin:79 - create IPUIPlugin
2022-12-14 16:51:41,019 [INFO] PluginManager:219 - loadIPPluginJar : add quadspi
2022-12-14 16:51:41,020 [INFO] IPUIPlugin:79 - create IPUIPlugin
2022-12-14 16:51:41,021 [INFO] PluginManager:219 - loadIPPluginJar : add aes
2022-12-14 16:51:41,022 [INFO] IPUIPlugin:79 - create IPUIPlugin
2022-12-14 16:51:41,022 [INFO] PluginManager:219 - loadIPPluginJar : add pdm2pcm
2022-12-14 16:51:41,023 [INFO] IPUIPlugin:79 - create IPUIPlugin
2022-12-14 16:51:41,024 [INFO] PluginManager:219 - loadIPPluginJar : add hash
2022-12-14 16:51:41,024 [INFO] IPUIPlugin:79 - create IPUIPlugin
2022-12-14 16:51:41,025 [INFO] PluginManager:219 - loadIPPluginJar : add tim
2022-12-14 16:51:41,025 [INFO] IPUIPlugin:79 - create IPUIPlugin
2022-12-14 16:51:41,025 [INFO] PluginManager:219 - loadIPPluginJar : add tsc
2022-12-14 16:51:41,027 [INFO] IPUIPlugin:79 - create IPUIPlugin
2022-12-14 16:51:41,027 [INFO] PluginManager:219 - loadIPPluginJar : add ts
2022-12-14 16:51:41,028 [INFO] IPUIPlugin:79 - create IPUIPlugin
2022-12-14 16:51:41,028 [INFO] PluginManager:219 - loadIPPluginJar : add can
2022-12-14 16:51:41,030 [INFO] IPUIPlugin:79 - create IPUIPlugin
2022-12-14 16:51:41,030 [INFO] PluginManager:219 - loadIPPluginJar : add dma3
2022-12-14 16:51:41,031 [INFO] IPUIPlugin:79 - create IPUIPlugin
2022-12-14 16:51:41,032 [INFO] PluginManager:219 - loadIPPluginJar : add dfsdm
2022-12-14 16:51:41,033 [INFO] IPUIPlugin:79 - create IPUIPlugin
2022-12-14 16:51:41,033 [INFO] PluginManager:219 - loadIPPluginJar : add spi
2022-12-14 16:51:41,035 [INFO] IPUIPlugin:79 - create IPUIPlugin
2022-12-14 16:51:41,035 [INFO] PluginManager:219 - loadIPPluginJar : add gfxmmu
2022-12-14 16:51:41,036 [INFO] IPUIPlugin:79 - create IPUIPlugin
2022-12-14 16:51:41,036 [INFO] PluginManager:219 - loadIPPluginJar : add genericplugin
2022-12-14 16:51:41,037 [INFO] IPUIPlugin:79 - create IPUIPlugin
2022-12-14 16:51:41,043 [INFO] PluginManager:219 - loadIPPluginJar : add cryp
2022-12-14 16:51:41,047 [INFO] IPUIPlugin:79 - create IPUIPlugin
2022-12-14 16:51:41,047 [INFO] PluginManager:219 - loadIPPluginJar : add gpio
2022-12-14 16:51:41,048 [INFO] IPUIPlugin:79 - create IPUIPlugin
2022-12-14 16:51:41,049 [INFO] PluginManager:219 - loadIPPluginJar : add comp
2022-12-14 16:51:41,050 [INFO] IPUIPlugin:79 - create IPUIPlugin
2022-12-14 16:51:41,050 [INFO] PluginManager:219 - loadIPPluginJar : add tracer_emb
2022-12-14 16:51:41,052 [INFO] IPUIPlugin:79 - create IPUIPlugin
2022-12-14 16:51:41,052 [INFO] PluginManager:219 - loadIPPluginJar : add openamp
2022-12-14 16:51:41,055 [INFO] IPUIPlugin:79 - create IPUIPlugin
2022-12-14 16:51:41,055 [INFO] PluginManager:219 - loadIPPluginJar : add stm32_wpan
2022-12-14 16:51:41,060 [INFO] IPUIPlugin:79 - create IPUIPlugin
2022-12-14 16:51:41,062 [INFO] PluginManager:219 - loadIPPluginJar : add plateformsettings
2022-12-14 16:51:41,064 [INFO] IPUIPlugin:79 - create IPUIPlugin
2022-12-14 16:51:41,065 [INFO] PluginManager:219 - loadIPPluginJar : add ipddr
2022-12-14 16:51:41,067 [INFO] IPUIPlugin:79 - create IPUIPlugin
2022-12-14 16:51:41,067 [INFO] PluginManager:219 - loadIPPluginJar : add usart
2022-12-14 16:51:41,068 [INFO] IPUIPlugin:79 - create IPUIPlugin
2022-12-14 16:51:41,068 [INFO] PluginManager:219 - loadIPPluginJar : add ltdc
2022-12-14 16:51:41,070 [INFO] IPUIPlugin:79 - create IPUIPlugin
2022-12-14 16:51:41,071 [INFO] PluginManager:219 - loadIPPluginJar : add nvic
2022-12-14 16:51:41,072 [INFO] IPUIPlugin:79 - create IPUIPlugin
2022-12-14 16:51:41,072 [INFO] PluginManager:219 - loadIPPluginJar : add fatfs
2022-12-14 16:51:41,077 [INFO] IPUIPlugin:79 - create IPUIPlugin
2022-12-14 16:51:41,078 [INFO] PluginManager:219 - loadIPPluginJar : add linkedlist
2022-12-14 16:51:41,083 [INFO] IPUIPlugin:79 - create IPUIPlugin
2022-12-14 16:51:41,083 [INFO] PluginManager:219 - loadIPPluginJar : add dma
2022-12-14 16:51:41,086 [INFO] IPUIPlugin:79 - create IPUIPlugin
2022-12-14 16:51:41,086 [INFO] PluginManager:219 - loadIPPluginJar : add fmc
2022-12-14 16:51:41,088 [INFO] IPUIPlugin:79 - create IPUIPlugin
2022-12-14 16:51:41,088 [INFO] PluginManager:219 - loadIPPluginJar : add i2s
2022-12-14 16:51:41,089 [INFO] IPUIPlugin:79 - create IPUIPlugin
2022-12-14 16:51:41,089 [INFO] PluginManager:219 - loadIPPluginJar : add ucpd
2022-12-14 16:51:41,091 [INFO] IPUIPlugin:79 - create IPUIPlugin
2022-12-14 16:51:41,091 [INFO] PluginManager:219 - loadIPPluginJar : add lorawan
2022-12-14 16:51:41,093 [INFO] IPUIPlugin:79 - create IPUIPlugin
2022-12-14 16:51:41,093 [INFO] PluginManager:219 - loadIPPluginJar : add opamp
2022-12-14 16:51:41,095 [INFO] IPUIPlugin:79 - create IPUIPlugin
2022-12-14 16:51:41,095 [INFO] PluginManager:219 - loadIPPluginJar : add touchsensing
2022-12-14 16:51:41,097 [INFO] IPUIPlugin:79 - create IPUIPlugin
2022-12-14 16:51:41,097 [INFO] PluginManager:219 - loadIPPluginJar : add i2c
2022-12-14 16:51:41,099 [INFO] IPUIPlugin:79 - create IPUIPlugin
2022-12-14 16:51:41,100 [INFO] PluginManager:219 - loadIPPluginJar : add resmgrutility
2022-12-14 16:51:41,101 [INFO] IPUIPlugin:79 - create IPUIPlugin
2022-12-14 16:51:41,101 [INFO] PluginManager:219 - loadIPPluginJar : add sai
2022-12-14 16:51:41,103 [INFO] IPUIPlugin:79 - create IPUIPlugin
2022-12-14 16:51:41,105 [INFO] PluginManager:219 - loadIPPluginJar : add usbx
2022-12-14 16:51:41,242 [INFO] CADModel:164 - CPN selected for project level
2022-12-14 16:51:41,249 [INFO] CADModel:113 - Register for checkConnection events
2022-12-14 16:51:41,252 [FATAL] Updater:308 - Updater called before beeing initialized
2022-12-14 16:51:41,253 [ERROR] CADModel:124 - Updater not yet initialized, retry later 
2022-12-14 16:51:41,507 [INFO] CADModel:164 - CPN selected for project level
2022-12-14 16:51:41,512 [INFO] CADModel:113 - Register for checkConnection events
2022-12-14 16:51:41,513 [FATAL] Updater:308 - Updater called before beeing initialized
2022-12-14 16:51:41,513 [ERROR] CADModel:124 - Updater not yet initialized, retry later 
2022-12-14 16:51:41,546 [FATAL] Updater:308 - Updater called before beeing initialized
2022-12-14 16:51:41,780 [FATAL] Updater:308 - Updater called before beeing initialized
2022-12-14 16:51:41,795 [INFO] DbMcusAds:52 - JSON generation date=Thu Sep 30 08:55:09 CEST 2021 (1632984909377)
2022-12-14 16:51:41,797 [FATAL] Updater:308 - Updater called before beeing initialized
2022-12-14 16:51:41,843 [WARN] DetailPanel:344 - Failed to get advertising image, set to default
2022-12-14 16:51:41,943 [FATAL] Updater:308 - Updater called before beeing initialized
2022-12-14 16:51:41,945 [FATAL] Updater:308 - Updater called before beeing initialized
2022-12-14 16:51:41,945 [FATAL] Updater:308 - Updater called before beeing initialized
2022-12-14 16:51:41,945 [WARN] DetailPanel:344 - Failed to get advertising image, set to default
2022-12-14 16:51:41,947 [FATAL] Updater:308 - Updater called before beeing initialized
2022-12-14 16:51:42,007 [ERROR] Updater:1120 - MainUpdater not yet initialized. External WinMGr cannot be set.
2022-12-14 16:51:42,067 [INFO] Updater:1056 - Updater Version found : 6.7.0
2022-12-14 16:51:42,083 [INFO] ApplicationProperties:181 - Using Application install path: /Applications/STM32CubeIDE.app/Contents/Eclipse/plugins/com.st.stm32cube.common.mx_6.7.0.202211181646
2022-12-14 16:51:42,493 [INFO] MainUpdater:2800 - connection check result : 10
2022-12-14 16:51:42,494 [INFO] MainUpdater:282 - Updater Check For Update Now.
2022-12-14 16:51:42,494 [INFO] MicroXplorer:481 - Change Database Version : DB.6.0.70
2022-12-14 16:51:42,697 [INFO] CheckServerUpdateThread:119 - End of CheckServer Thread
2022-12-14 16:51:42,705 [INFO] MainUpdater:2800 - connection check result : 10
2022-12-14 16:51:42,712 [INFO] McuFinderGlobals:65 - Set McuFinderConnectedMode to true
2022-12-14 16:51:43,184 [ERROR] WebUtils:756 - 
java.lang.IndexOutOfBoundsException: Index 4 out of bounds for length 4
	at java.base/jdk.internal.util.Preconditions.outOfBounds(Preconditions.java:64)
	at java.base/jdk.internal.util.Preconditions.outOfBoundsCheckIndex(Preconditions.java:70)
	at java.base/jdk.internal.util.Preconditions.checkIndex(Preconditions.java:248)
	at java.base/java.util.Objects.checkIndex(Objects.java:372)
	at java.base/java.util.ArrayList.get(ArrayList.java:459)
	at java.desktop/java.awt.Container.createHierarchyEvents(Container.java:1466)
	at java.desktop/java.awt.Container.createHierarchyEvents(Container.java:1466)
	at java.desktop/java.awt.Container.createHierarchyEvents(Container.java:1466)
	at java.desktop/java.awt.Container.createHierarchyEvents(Container.java:1466)
	at java.desktop/java.awt.Container.createHierarchyEvents(Container.java:1466)
	at java.desktop/java.awt.Container.createHierarchyEvents(Container.java:1466)
	at java.desktop/java.awt.Dialog.conditionalShow(Dialog.java:953)
	at java.desktop/java.awt.Dialog.show(Dialog.java:1045)
	at com.st.microxplorer.plugins.updater.gui.ProgressBarDialog.startProgressBar(ProgressBarDialog.java:153)
	at com.st.microxplorer.plugins.updater.engine.MainUpdater.loadUrlFiles(MainUpdater.java:2455)
	at com.st.microxplorer.plugins.updater.Updater.getSpecificTask(Updater.java:366)
	at com.st.microxplorer.mcufinder.gui.WebUtils.downloadDbFile(WebUtils.java:611)
	at com.st.microxplorer.mcufinder.gui.WebUtils.downloadDbFiles(WebUtils.java:754)
	at com.st.stm32cube.common.mx.targetselector.TargetSelectorAdapter$5.run(TargetSelectorAdapter.java:256)
	at com.st.stm32cube.common.mx.oss.core.awtswtbridge.AwtEnvironment$2.run(AwtEnvironment.java:166)
	at java.desktop/java.awt.event.InvocationEvent.dispatch(InvocationEvent.java:313)
	at java.desktop/java.awt.EventQueue.dispatchEventImpl(EventQueue.java:770)
	at java.desktop/java.awt.EventQueue$4.run(EventQueue.java:721)
	at java.desktop/java.awt.EventQueue$4.run(EventQueue.java:715)
	at java.base/java.security.AccessController.doPrivileged(Native Method)
	at java.base/java.security.ProtectionDomain$JavaSecurityAccessImpl.doIntersectionPrivilege(ProtectionDomain.java:85)
	at java.desktop/java.awt.EventQueue.dispatchEvent(EventQueue.java:740)
	at java.desktop/java.awt.EventDispatchThread.pumpOneEventForFilters(EventDispatchThread.java:203)
	at java.desktop/java.awt.EventDispatchThread.pumpEventsForFilter(EventDispatchThread.java:124)
	at java.desktop/java.awt.EventDispatchThread.pumpEventsForHierarchy(EventDispatchThread.java:113)
	at java.desktop/java.awt.EventDispatchThread.pumpEvents(EventDispatchThread.java:109)
	at java.desktop/java.awt.EventDispatchThread.pumpEvents(EventDispatchThread.java:101)
	at java.desktop/java.awt.EventDispatchThread.run(EventDispatchThread.java:90)
2022-12-14 16:51:43,206 [INFO] ServerAccessManage:474 - Download File mcusAds.json._tmp_
2022-12-14 16:51:43,328 [INFO] LoadUrlFilesThread:150 - End of LoadUrlFiles Thread
2022-12-14 16:51:43,558 [WARN] PackLoader:242 - Cannot read IP mode file for STMicroelectronics.X-CUBE-GNSS1.6.0.0
2022-12-14 16:51:43,635 [WARN] PackLoader:242 - Cannot read IP mode file for STMicroelectronics.X-CUBE-AZRTOS-F4.1.1.0
2022-12-14 16:51:43,679 [WARN] PackLoader:242 - Cannot read IP mode file for STMicroelectronics.X-CUBE-BLEMGR.1.2.0
2022-12-14 16:51:43,740 [WARN] PackLoader:242 - Cannot read IP mode file for STMicroelectronics.X-CUBE-AZRTOS-F7.1.1.0
2022-12-14 16:51:43,774 [WARN] PackLoader:242 - Cannot read IP mode file for STMicroelectronics.X-CUBE-BLE1.6.2.3
2022-12-14 16:51:43,795 [WARN] PackLoader:242 - Cannot read IP mode file for STMicroelectronics.X-CUBE-BLE1.6.2.4
2022-12-14 16:51:43,805 [WARN] PackLoader:242 - Cannot read IP mode file for STMicroelectronics.X-CUBE-NFC4.2.0.5
2022-12-14 16:51:43,816 [WARN] PackLoader:242 - Cannot read IP mode file for STMicroelectronics.X-CUBE-NFC4.2.0.4
2022-12-14 16:51:43,830 [WARN] PackLoader:242 - Cannot read IP mode file for wolfSSL.I-CUBE-wolfSSL.5.5.1
2022-12-14 16:51:43,836 [WARN] PackLoader:242 - Cannot read IP mode file for STMicroelectronics.X-CUBE-NFC7.1.0.0
2022-12-14 16:51:43,963 [WARN] PackLoader:242 - Cannot read IP mode file for STMicroelectronics.X-CUBE-MEMS1.9.3.0
2022-12-14 16:51:44,171 [WARN] PackLoader:242 - Cannot read IP mode file for STMicroelectronics.X-CUBE-SFXS2LP1.4.0.0
2022-12-14 16:51:44,181 [WARN] PackLoader:242 - Cannot read IP mode file for STMicroelectronics.X-CUBE-BLE2.3.3.0
2022-12-14 16:51:44,192 [WARN] PackLoader:242 - Cannot read IP mode file for STMicroelectronics.X-CUBE-DISPLAY.2.2.0
2022-12-14 16:51:44,212 [WARN] PackLoader:242 - Cannot read IP mode file for STMicroelectronics.X-CUBE-TOF1.3.2.0
2022-12-14 16:51:44,224 [WARN] PackLoader:242 - Cannot read IP mode file for STMicroelectronics.X-CUBE-ISPU.1.0.0
2022-12-14 16:51:44,227 [WARN] PackLoader:242 - Cannot read IP mode file for STMicroelectronics.X-CUBE-ISPU.1.1.0
2022-12-14 16:51:44,240 [WARN] PackLoader:242 - Cannot read IP mode file for RoweBots.I-CUBE-UNISONRTOS.5.5.0-4
2022-12-14 16:51:44,267 [INFO] DbMcusAds:52 - JSON generation date=Thu Sep 30 08:55:09 CEST 2021 (1632984909377)
2022-12-14 16:51:44,298 [WARN] PackLoader:242 - Cannot read IP mode file for STMicroelectronics.X-CUBE-AZRTOS-H7.2.1.0
2022-12-14 16:51:44,322 [ERROR] TargetSelectorAdapter:266 - Unable to refresh data
2022-12-14 16:51:44,405 [WARN] PackLoader:242 - Cannot read IP mode file for STMicroelectronics.X-CUBE-MEMS1.9.4.0
2022-12-14 16:51:44,552 [WARN] PackLoader:242 - Cannot read IP mode file for STMicroelectronics.X-CUBE-AI.7.3.0
2022-12-14 16:51:44,574 [WARN] PackLoader:242 - Cannot read IP mode file for STMicroelectronics.X-CUBE-ALGOBUILD.1.3.0
2022-12-14 16:51:44,618 [WARN] PackLoader:242 - Cannot read IP mode file for STMicroelectronics.X-CUBE-AZRTOS-L5.1.1.0
2022-12-14 16:51:44,659 [WARN] PackLoader:242 - Cannot read IP mode file for STMicroelectronics.X-CUBE-AZRTOS-G0.1.1.0
2022-12-14 16:51:44,681 [WARN] PackLoader:242 - Cannot read IP mode file for STMicroelectronics.X-CUBE-SUBG2.5.0.0
2022-12-14 16:51:44,752 [WARN] PackLoader:242 - Cannot read IP mode file for SEGGER.I-CUBE-embOS.1.2.1
2022-12-14 16:51:44,804 [WARN] PackLoader:242 - Cannot read IP mode file for STMicroelectronics.FP-ATR-ASTRA1.1.1.1
2022-12-14 16:51:44,824 [WARN] PackLoader:242 - Cannot read IP mode file for STMicroelectronics.X-CUBE-BLEMGR.1.3.0
2022-12-14 16:51:44,853 [WARN] PackLoader:242 - Cannot read IP mode file for STMicroelectronics.X-CUBE-AZRTOS-G4.1.0.0
2022-12-14 16:51:44,861 [WARN] PackLoader:242 - Cannot read IP mode file for STMicroelectronics.FP-ATR-SIGFOX1.3.2.0
2022-12-14 16:51:44,906 [WARN] PackLoader:242 - Cannot read IP mode file for STMicroelectronics.X-CUBE-AZRTOS-L4.1.0.0
2022-12-14 16:51:44,925 [WARN] PackLoader:242 - Cannot read IP mode file for emotas.I-CUBE-CANOPEN.1.1.2
2022-12-14 16:51:44,932 [WARN] PackLoader:242 - Cannot read IP mode file for STMicroelectronics.X-CUBE-TOUCHGFX.4.20.0
2022-12-14 16:51:44,951 [WARN] PackLoader:242 - Cannot read IP mode file for STMicroelectronics.X-CUBE-AZRTOS-WL.1.0.0
2022-12-14 16:51:44,959 [WARN] PackLoader:242 - Cannot read IP mode file for portGmbH.I-Cube-SoM-uGOAL.1.1.0
2022-12-14 16:51:44,964 [WARN] PackLoader:242 - Cannot read IP mode file for STMicroelectronics.X-CUBE-ALS.1.0.1
2022-12-14 16:51:45,000 [WARN] PackLoader:242 - Cannot read IP mode file for STMicroelectronics.X-CUBE-AZRTOS-WB.1.1.0
2022-12-14 16:51:45,025 [WARN] PackLoader:242 - Cannot read IP mode file for STMicroelectronics.X-CUBE-AZRTOS-L5.1.0.0
2022-12-14 16:51:45,057 [INFO] ApiDb:580 - Connected to CubeFinder SQLite database (/Users/emil/.stmcufinder/plugins/mcufinder/mcu/cube-finder-db.db)
2022-12-14 16:51:45,069 [WARN] PackLoader:242 - Cannot read IP mode file for STMicroelectronics.X-CUBE-EEPRMA1.3.1.1
2022-12-14 16:51:45,072 [INFO] ThirdParty:947 - Integrity check success = true
2022-12-14 16:51:45,073 [INFO] IntegrityCheckThread:98 - exiting critical section [integrity check]
2022-12-14 16:51:45,073 [INFO] IntegrityCheckThread:101 - End integrity checks thread
2022-12-14 16:51:45,120 [INFO] ApiDb:667 - CubeFinder database Data Model version=2.1
2022-12-14 16:51:45,120 [INFO] ApiDb:668 - CubeFinder database Configuration version=3.0.35
2022-12-14 16:51:45,121 [INFO] ApiDb:669 - CubeFinder database generation date=2022-11-18 (1668769384)
2022-12-14 16:51:45,121 [INFO] ApiDb:670 - CubeFinder database FW Pack versions=[FP-ATR-ASTRA1_V1.1.1, STM32Cube_FW_C0_V1.0.0, STM32Cube_FW_F4_V1.27.1, STM32Cube_FW_F7_V1.17.0, STM32Cube_FW_G0_V1.6.1, STM32Cube_FW_G4_V1.5.0, STM32Cube_FW_H5_V0.5.1, STM32Cube_FW_H7_V1.11.0, STM32Cube_FW_L5_V1.5.0, STM32Cube_FW_U5_V1.1.1, STM32Cube_FW_WBA_V0.2.0, STM32Cube_FW_WB_V1.15.0, STM32Cube_FW_WB_V1.15.0RC1, STM32Cube_FW_WL_V1.3.0, X-CUBE-ALGOBUILD_V1.3.0, X-CUBE-ALS_V1.0.1, X-CUBE-AZRTOS-F4_V1.1.0, X-CUBE-AZRTOS-F7_V1.1.0, X-CUBE-AZRTOS-G0_V1.1.0, X-CUBE-AZRTOS-G4_V1.0.0, X-CUBE-AZRTOS-H7_V2.1.0, X-CUBE-AZRTOS-L4_V1.0.0, X-CUBE-AZRTOS-L5_V1.0.0, X-CUBE-AZRTOS-WL_V1.0.0, X-CUBE-BLE1_V6.2.4, X-CUBE-BLE2_V3.3.0, X-CUBE-BLEMGR_V1.2.0, X-CUBE-EEPRMA1_V3.1.1, X-CUBE-GNSS1_V6.0.0, X-CUBE-MEMS1_V9.1.0, X-CUBE-MEMS1_V9.3.0, X-CUBE-NFC4_V2.0.4, X-CUBE-NFC7_V1.0.0, X-CUBE-SFXS2LP1_V4.0.0, X-CUBE-SUBG2_V5.0.0]
2022-12-14 16:51:45,443 [ERROR] LogOutputStream:74 - [STDERR_REDIRECT] SLF4J: Failed to load class "org.slf4j.impl.StaticLoggerBinder".
2022-12-14 16:51:45,444 [ERROR] LogOutputStream:74 - [STDERR_REDIRECT] SLF4J: Defaulting to no-operation (NOP) logger implementation
2022-12-14 16:51:45,444 [ERROR] LogOutputStream:74 - [STDERR_REDIRECT] SLF4J: See http://www.slf4j.org/codes.html#StaticLoggerBinder for further details.
2022-12-14 16:51:46,603 [INFO] ApiDb:239 - Found 143 in-development CPN: [B-WB1M-WPAN1, B-WL5M-SUBG1, NUCLEO-C031C6, STEVAL-PROTEUS1, STEVAL-STWINBX1, STM320518-EVAL, STM32C0116-DK, STM32C011D6Y3TR, STM32C011D6Y6TR, STM32C011F4P3, STM32C011F4P6, STM32C011F4U3, STM32C011F4U6TR, STM32C011F6P3, STM32C011F6P6, STM32C011F6U3, STM32C011F6U6TR, STM32C011J4M3, STM32C011J4M6, STM32C011J6M3, STM32C011J6M6, STM32C0316-DK, STM32C031C4T3, STM32C031C4T6, STM32C031C4U3, STM32C031C4U6, STM32C031C6T3, STM32C031C6T6, STM32C031C6U3, STM32C031C6U6, STM32C031F4P3, STM32C031F4P6, STM32C031F6P3, STM32C031F6P6, STM32C031G4U3, STM32C031G4U6, STM32C031G6U3, STM32C031G6U6, STM32C031K4T3, STM32C031K4T6, STM32C031K4U3, STM32C031K4U6, STM32C031K6T3, STM32C031K6T6, STM32C031K6U3, STM32C031K6U6, STM32G071K8TXN, STM32G071K8UXN, STM32G081GBU6N, STM32G081KBT6N, STM32G081KBUXN, STM32G0B1CCT6N, STM32G0B1KCT6, STM32G0B1NEY6TR, STM32G0B1RCT6N, STM32G0C1CCT6, STM32G0C1CCT6N, STM32G0C1CCU6N, STM32G0C1CET6N, STM32G0C1CEU6N, STM32G0C1KCT6, STM32G0C1NEY6TR, STM32G0C1RCI6N, STM32G0C1RCT6N, STM32G0C1REI6N, STM32G0C1RET6N, STM32G0C1VCI6, STM32G0C1VEI6, STM32G471CCT6, STM32G471CCU6, STM32G471CET3, STM32G471CET6, STM32G471CEU3, STM32G471CEU6, STM32G471MCT6, STM32G471MET3, STM32G471MET6, STM32G471MEY6TR, STM32G471QCT6, STM32G471QET3, STM32G471RCT6, STM32G471RET3, STM32G471RET6, STM32G471VCH6, STM32G471VCI6, STM32G471VCT6, STM32G471VEH3, STM32G471VEH6, STM32G471VEI3, STM32G471VEI6, STM32G471VET3, STM32G471VET6, STM32G474CCT6, STM32L476VGY6PTR, STM32L4R5QGI6STR, STM32MP131AAE3, STM32MP131AAF3, STM32MP131AAG3, STM32MP131CAE3, STM32MP131CAF3, STM32MP131CAG3, STM32MP131DAE7, STM32MP131DAF7, STM32MP131DAG7, STM32MP131FAE7, STM32MP131FAF7, STM32MP131FAG7, STM32MP133AAE3, STM32MP133AAF3, STM32MP133AAG3, STM32MP133CAE3, STM32MP133CAF3, STM32MP133CAG3, STM32MP133DAE7, STM32MP133DAF7, STM32MP133DAG7, STM32MP133FAE7, STM32MP133FAF7, STM32MP133FAG7, STM32MP135AAE3, STM32MP135AAF3, STM32MP135AAG3, STM32MP135CAE3, STM32MP135CAF3, STM32MP135CAG3, STM32MP135DAE7, STM32MP135DAF7, STM32MP135DAG7, STM32MP135F-DK, STM32MP135FAE7, STM32MP135FAF7, STM32MP135FAF7T, STM32MP135FAF7U, STM32MP135FAG7, STM32U595ZJT6Q, STM32U599BJY6QTR, STM32U599NIH6Q, STM32U599NJH6Q, STM32U5A5ZJT6Q, STM32U5A9BJY6QTR, STM32U5A9NJH6Q, STM32WB1MMCH6, STM32WL5MOCH6TR]
2022-12-14 16:51:46,614 [INFO] DbMcus:215 - Found 3582 MCUs, 3582 are supported
2022-12-14 16:51:46,626 [INFO] ApiDb:422 - Load user favorites file /Users/emil/.stm32cubeide/favorites.mcus.txt: 0 item(s)
2022-12-14 16:51:46,626 [INFO] ApiDb:426 - User favorites MCUs=[]
2022-12-14 16:51:46,627 [INFO] DbMcus:221 - Set 0 / 0 favorites MCUs
2022-12-14 16:51:46,842 [INFO] McuFinderGlobals:65 - Set McuFinderConnectedMode to true
2022-12-14 16:51:46,877 [INFO] MultiScanPanel:196 - Auto-refresh data requested => check proxy status ongoing
2022-12-14 16:51:46,881 [INFO] FinderPluginLoader:92 - Searching for filters in installed packs
2022-12-14 16:51:48,650 [INFO] LoadUrlFilesThread:179 - End of LoadServerUrlFiles without Thread
2022-12-14 16:51:48,687 [INFO] DetailPanel:339 - Set advertising image to /Users/emil/STM32Cube/Repository//en.Prom_NBSTM32U50921.jpg
2022-12-14 16:51:49,453 [INFO] ApiDb:667 - CubeFinder database Data Model version=2.1
2022-12-14 16:51:49,455 [INFO] ApiDb:668 - CubeFinder database Configuration version=3.0.35
2022-12-14 16:51:49,455 [INFO] ApiDb:669 - CubeFinder database generation date=2022-11-18 (1668769384)
2022-12-14 16:51:49,457 [INFO] ApiDb:670 - CubeFinder database FW Pack versions=[FP-ATR-ASTRA1_V1.1.1, STM32Cube_FW_C0_V1.0.0, STM32Cube_FW_F4_V1.27.1, STM32Cube_FW_F7_V1.17.0, STM32Cube_FW_G0_V1.6.1, STM32Cube_FW_G4_V1.5.0, STM32Cube_FW_H5_V0.5.1, STM32Cube_FW_H7_V1.11.0, STM32Cube_FW_L5_V1.5.0, STM32Cube_FW_U5_V1.1.1, STM32Cube_FW_WBA_V0.2.0, STM32Cube_FW_WB_V1.15.0, STM32Cube_FW_WB_V1.15.0RC1, STM32Cube_FW_WL_V1.3.0, X-CUBE-ALGOBUILD_V1.3.0, X-CUBE-ALS_V1.0.1, X-CUBE-AZRTOS-F4_V1.1.0, X-CUBE-AZRTOS-F7_V1.1.0, X-CUBE-AZRTOS-G0_V1.1.0, X-CUBE-AZRTOS-G4_V1.0.0, X-CUBE-AZRTOS-H7_V2.1.0, X-CUBE-AZRTOS-L4_V1.0.0, X-CUBE-AZRTOS-L5_V1.0.0, X-CUBE-AZRTOS-WL_V1.0.0, X-CUBE-BLE1_V6.2.4, X-CUBE-BLE2_V3.3.0, X-CUBE-BLEMGR_V1.2.0, X-CUBE-EEPRMA1_V3.1.1, X-CUBE-GNSS1_V6.0.0, X-CUBE-MEMS1_V9.1.0, X-CUBE-MEMS1_V9.3.0, X-CUBE-NFC4_V2.0.4, X-CUBE-NFC7_V1.0.0, X-CUBE-SFXS2LP1_V4.0.0, X-CUBE-SUBG2_V5.0.0]
2022-12-14 16:51:49,508 [INFO] DbBoardsSqlite:225 - include board P-NUCLEO-WB55-NUCLEO as a kit item of type 'Nucleo-64'
2022-12-14 16:51:49,508 [INFO] DbBoardsSqlite:225 - include board P-NUCLEO-WB55-USBDONGLE as a kit item of type 'Nucleo USB Dongle'
2022-12-14 16:51:49,508 [INFO] DbBoardsSqlite:225 - include board STEVAL-IDP005V1 as a kit item of type 'Evaluation Board'
2022-12-14 16:51:49,508 [INFO] DbBoardsSqlite:225 - include board STEVAL-IDP005V2 as a kit item of type 'Evaluation Board'
2022-12-14 16:51:49,531 [INFO] ApiDb:239 - Found 143 in-development CPN: [B-WB1M-WPAN1, B-WL5M-SUBG1, NUCLEO-C031C6, STEVAL-PROTEUS1, STEVAL-STWINBX1, STM320518-EVAL, STM32C0116-DK, STM32C011D6Y3TR, STM32C011D6Y6TR, STM32C011F4P3, STM32C011F4P6, STM32C011F4U3, STM32C011F4U6TR, STM32C011F6P3, STM32C011F6P6, STM32C011F6U3, STM32C011F6U6TR, STM32C011J4M3, STM32C011J4M6, STM32C011J6M3, STM32C011J6M6, STM32C0316-DK, STM32C031C4T3, STM32C031C4T6, STM32C031C4U3, STM32C031C4U6, STM32C031C6T3, STM32C031C6T6, STM32C031C6U3, STM32C031C6U6, STM32C031F4P3, STM32C031F4P6, STM32C031F6P3, STM32C031F6P6, STM32C031G4U3, STM32C031G4U6, STM32C031G6U3, STM32C031G6U6, STM32C031K4T3, STM32C031K4T6, STM32C031K4U3, STM32C031K4U6, STM32C031K6T3, STM32C031K6T6, STM32C031K6U3, STM32C031K6U6, STM32G071K8TXN, STM32G071K8UXN, STM32G081GBU6N, STM32G081KBT6N, STM32G081KBUXN, STM32G0B1CCT6N, STM32G0B1KCT6, STM32G0B1NEY6TR, STM32G0B1RCT6N, STM32G0C1CCT6, STM32G0C1CCT6N, STM32G0C1CCU6N, STM32G0C1CET6N, STM32G0C1CEU6N, STM32G0C1KCT6, STM32G0C1NEY6TR, STM32G0C1RCI6N, STM32G0C1RCT6N, STM32G0C1REI6N, STM32G0C1RET6N, STM32G0C1VCI6, STM32G0C1VEI6, STM32G471CCT6, STM32G471CCU6, STM32G471CET3, STM32G471CET6, STM32G471CEU3, STM32G471CEU6, STM32G471MCT6, STM32G471MET3, STM32G471MET6, STM32G471MEY6TR, STM32G471QCT6, STM32G471QET3, STM32G471RCT6, STM32G471RET3, STM32G471RET6, STM32G471VCH6, STM32G471VCI6, STM32G471VCT6, STM32G471VEH3, STM32G471VEH6, STM32G471VEI3, STM32G471VEI6, STM32G471VET3, STM32G471VET6, STM32G474CCT6, STM32L476VGY6PTR, STM32L4R5QGI6STR, STM32MP131AAE3, STM32MP131AAF3, STM32MP131AAG3, STM32MP131CAE3, STM32MP131CAF3, STM32MP131CAG3, STM32MP131DAE7, STM32MP131DAF7, STM32MP131DAG7, STM32MP131FAE7, STM32MP131FAF7, STM32MP131FAG7, STM32MP133AAE3, STM32MP133AAF3, STM32MP133AAG3, STM32MP133CAE3, STM32MP133CAF3, STM32MP133CAG3, STM32MP133DAE7, STM32MP133DAF7, STM32MP133DAG7, STM32MP133FAE7, STM32MP133FAF7, STM32MP133FAG7, STM32MP135AAE3, STM32MP135AAF3, STM32MP135AAG3, STM32MP135CAE3, STM32MP135CAF3, STM32MP135CAG3, STM32MP135DAE7, STM32MP135DAF7, STM32MP135DAG7, STM32MP135F-DK, STM32MP135FAE7, STM32MP135FAF7, STM32MP135FAF7T, STM32MP135FAF7U, STM32MP135FAG7, STM32U595ZJT6Q, STM32U599BJY6QTR, STM32U599NIH6Q, STM32U599NJH6Q, STM32U5A5ZJT6Q, STM32U5A9BJY6QTR, STM32U5A9NJH6Q, STM32WB1MMCH6, STM32WL5MOCH6TR]
2022-12-14 16:51:49,647 [INFO] BoardInfo:879 - No configuration file found for board P-NUCLEO-WB55
2022-12-14 16:51:49,648 [INFO] DbBoards:156 - Kit is not supported: P-NUCLEO-WB55
2022-12-14 16:51:49,652 [INFO] BoardInfo:879 - No configuration file found for board STEVAL-BFA001V1B
2022-12-14 16:51:49,653 [INFO] DbBoards:156 - Kit is not supported: STEVAL-BFA001V1B
2022-12-14 16:51:49,654 [INFO] BoardInfo:879 - No configuration file found for board STEVAL-BFA001V2B
2022-12-14 16:51:49,654 [INFO] DbBoards:156 - Kit is not supported: STEVAL-BFA001V2B
2022-12-14 16:51:49,754 [INFO] DbBoards:160 - Found 179 boards, 176 are supported
2022-12-14 16:51:49,797 [INFO] ApiDb:422 - Load user favorites file /Users/emil/.stm32cubeide/favorites.boards.txt: 1 item(s)
2022-12-14 16:51:49,802 [INFO] ApiDb:426 - User favorites Boards=[NUCLEO-L476RG]
2022-12-14 16:51:49,807 [INFO] DbBoards:189 - Set 1 / 1 favorites Boards
2022-12-14 16:51:53,780 [INFO] McuFinderGlobals:65 - Set McuFinderConnectedMode to true
2022-12-14 16:51:53,800 [INFO] ApiDb:447 - Save user favorites file /Users/emil/.stm32cubeide/favorites.mcus.txt: 0 item(s)
2022-12-14 16:51:53,801 [INFO] ApiDb:451 - User favorites MCUs=[]
2022-12-14 16:51:55,154 [INFO] MainUpdater:2800 - connection check result : 10
2022-12-14 16:51:55,162 [INFO] McuFinderGlobals:65 - Set McuFinderConnectedMode to true
2022-12-14 16:51:55,359 [INFO] ServerAccessManage:474 - Download File mcusAds.json._tmp_
2022-12-14 16:51:55,470 [INFO] LoadUrlFilesThread:150 - End of LoadUrlFiles Thread
2022-12-14 16:51:55,542 [INFO] ServerAccessManage:474 - Download File cube-finder-db.zip
2022-12-14 16:51:56,581 [INFO] FileExtend:239 - Unzip File : cube-finder-db.zip
2022-12-14 16:51:56,586 [INFO] FileExtend:254 - Standard Zip Deflate
2022-12-14 16:51:57,209 [INFO] LoadUrlFilesThread:150 - End of LoadUrlFiles Thread
2022-12-14 16:51:57,535 [INFO] ServerAccessManage:474 - Download File crdb.zip
2022-12-14 16:51:57,715 [INFO] FileExtend:239 - Unzip File : crdb.zip
2022-12-14 16:51:57,724 [INFO] FileExtend:254 - Standard Zip Deflate
2022-12-14 16:51:57,879 [INFO] LoadUrlFilesThread:150 - End of LoadUrlFiles Thread
2022-12-14 16:51:58,001 [INFO] ServerAccessManage:474 - Download File tutoVideoDB.zip
2022-12-14 16:51:58,008 [INFO] FileExtend:239 - Unzip File : tutoVideoDB.zip
2022-12-14 16:51:58,008 [INFO] FileExtend:254 - Standard Zip Deflate
2022-12-14 16:51:58,139 [INFO] LoadUrlFilesThread:150 - End of LoadUrlFiles Thread
2022-12-14 16:51:58,165 [INFO] JxBrowserEngine:114 - Initiate JxBrowser Engine with user profile folder
2022-12-14 16:51:59,454 [WARN] DbFile:40 - Overriding database path with different value: /Users/emil/.stmcufinder/plugins/mcufinder/ => /Users/emil/.stmcufinder/plugins/mcufinder
2022-12-14 16:51:59,563 [INFO] ServerAccessManage:474 - Download File api_config.json
2022-12-14 16:51:59,675 [INFO] LoadUrlFilesThread:150 - End of LoadUrlFiles Thread
2022-12-14 16:51:59,679 [INFO] DbMcusAds:52 - JSON generation date=Thu Sep 30 08:55:09 CEST 2021 (1632984909377)
2022-12-14 16:51:59,682 [INFO] ApiDb:447 - Save user favorites file /Users/emil/.stm32cubeide/favorites.mcus.txt: 0 item(s)
2022-12-14 16:51:59,682 [INFO] ApiDb:451 - User favorites MCUs=[]
2022-12-14 16:51:59,686 [INFO] ApiDb:580 - Connected to CubeFinder SQLite database (/Users/emil/.stmcufinder/plugins/mcufinder/mcu/cube-finder-db.db)
2022-12-14 16:51:59,733 [INFO] ApiDb:667 - CubeFinder database Data Model version=2.1
2022-12-14 16:51:59,733 [INFO] ApiDb:668 - CubeFinder database Configuration version=3.0.35
2022-12-14 16:51:59,733 [INFO] ApiDb:669 - CubeFinder database generation date=2022-11-18 (1668769384)
2022-12-14 16:51:59,733 [INFO] ApiDb:670 - CubeFinder database FW Pack versions=[FP-ATR-ASTRA1_V1.1.1, STM32Cube_FW_C0_V1.0.0, STM32Cube_FW_F4_V1.27.1, STM32Cube_FW_F7_V1.17.0, STM32Cube_FW_G0_V1.6.1, STM32Cube_FW_G4_V1.5.0, STM32Cube_FW_H5_V0.5.1, STM32Cube_FW_H7_V1.11.0, STM32Cube_FW_L5_V1.5.0, STM32Cube_FW_U5_V1.1.1, STM32Cube_FW_WBA_V0.2.0, STM32Cube_FW_WB_V1.15.0, STM32Cube_FW_WB_V1.15.0RC1, STM32Cube_FW_WL_V1.3.0, X-CUBE-ALGOBUILD_V1.3.0, X-CUBE-ALS_V1.0.1, X-CUBE-AZRTOS-F4_V1.1.0, X-CUBE-AZRTOS-F7_V1.1.0, X-CUBE-AZRTOS-G0_V1.1.0, X-CUBE-AZRTOS-G4_V1.0.0, X-CUBE-AZRTOS-H7_V2.1.0, X-CUBE-AZRTOS-L4_V1.0.0, X-CUBE-AZRTOS-L5_V1.0.0, X-CUBE-AZRTOS-WL_V1.0.0, X-CUBE-BLE1_V6.2.4, X-CUBE-BLE2_V3.3.0, X-CUBE-BLEMGR_V1.2.0, X-CUBE-EEPRMA1_V3.1.1, X-CUBE-GNSS1_V6.0.0, X-CUBE-MEMS1_V9.1.0, X-CUBE-MEMS1_V9.3.0, X-CUBE-NFC4_V2.0.4, X-CUBE-NFC7_V1.0.0, X-CUBE-SFXS2LP1_V4.0.0, X-CUBE-SUBG2_V5.0.0]
2022-12-14 16:52:00,779 [INFO] ApiDb:239 - Found 143 in-development CPN: [B-WB1M-WPAN1, B-WL5M-SUBG1, NUCLEO-C031C6, STEVAL-PROTEUS1, STEVAL-STWINBX1, STM320518-EVAL, STM32C0116-DK, STM32C011D6Y3TR, STM32C011D6Y6TR, STM32C011F4P3, STM32C011F4P6, STM32C011F4U3, STM32C011F4U6TR, STM32C011F6P3, STM32C011F6P6, STM32C011F6U3, STM32C011F6U6TR, STM32C011J4M3, STM32C011J4M6, STM32C011J6M3, STM32C011J6M6, STM32C0316-DK, STM32C031C4T3, STM32C031C4T6, STM32C031C4U3, STM32C031C4U6, STM32C031C6T3, STM32C031C6T6, STM32C031C6U3, STM32C031C6U6, STM32C031F4P3, STM32C031F4P6, STM32C031F6P3, STM32C031F6P6, STM32C031G4U3, STM32C031G4U6, STM32C031G6U3, STM32C031G6U6, STM32C031K4T3, STM32C031K4T6, STM32C031K4U3, STM32C031K4U6, STM32C031K6T3, STM32C031K6T6, STM32C031K6U3, STM32C031K6U6, STM32G071K8TXN, STM32G071K8UXN, STM32G081GBU6N, STM32G081KBT6N, STM32G081KBUXN, STM32G0B1CCT6N, STM32G0B1KCT6, STM32G0B1NEY6TR, STM32G0B1RCT6N, STM32G0C1CCT6, STM32G0C1CCT6N, STM32G0C1CCU6N, STM32G0C1CET6N, STM32G0C1CEU6N, STM32G0C1KCT6, STM32G0C1NEY6TR, STM32G0C1RCI6N, STM32G0C1RCT6N, STM32G0C1REI6N, STM32G0C1RET6N, STM32G0C1VCI6, STM32G0C1VEI6, STM32G471CCT6, STM32G471CCU6, STM32G471CET3, STM32G471CET6, STM32G471CEU3, STM32G471CEU6, STM32G471MCT6, STM32G471MET3, STM32G471MET6, STM32G471MEY6TR, STM32G471QCT6, STM32G471QET3, STM32G471RCT6, STM32G471RET3, STM32G471RET6, STM32G471VCH6, STM32G471VCI6, STM32G471VCT6, STM32G471VEH3, STM32G471VEH6, STM32G471VEI3, STM32G471VEI6, STM32G471VET3, STM32G471VET6, STM32G474CCT6, STM32L476VGY6PTR, STM32L4R5QGI6STR, STM32MP131AAE3, STM32MP131AAF3, STM32MP131AAG3, STM32MP131CAE3, STM32MP131CAF3, STM32MP131CAG3, STM32MP131DAE7, STM32MP131DAF7, STM32MP131DAG7, STM32MP131FAE7, STM32MP131FAF7, STM32MP131FAG7, STM32MP133AAE3, STM32MP133AAF3, STM32MP133AAG3, STM32MP133CAE3, STM32MP133CAF3, STM32MP133CAG3, STM32MP133DAE7, STM32MP133DAF7, STM32MP133DAG7, STM32MP133FAE7, STM32MP133FAF7, STM32MP133FAG7, STM32MP135AAE3, STM32MP135AAF3, STM32MP135AAG3, STM32MP135CAE3, STM32MP135CAF3, STM32MP135CAG3, STM32MP135DAE7, STM32MP135DAF7, STM32MP135DAG7, STM32MP135F-DK, STM32MP135FAE7, STM32MP135FAF7, STM32MP135FAF7T, STM32MP135FAF7U, STM32MP135FAG7, STM32U595ZJT6Q, STM32U599BJY6QTR, STM32U599NIH6Q, STM32U599NJH6Q, STM32U5A5ZJT6Q, STM32U5A9BJY6QTR, STM32U5A9NJH6Q, STM32WB1MMCH6, STM32WL5MOCH6TR]
2022-12-14 16:52:00,782 [INFO] DbMcus:215 - Found 3582 MCUs, 3582 are supported
2022-12-14 16:52:00,782 [INFO] ApiDb:422 - Load user favorites file /Users/emil/.stm32cubeide/favorites.mcus.txt: 0 item(s)
2022-12-14 16:52:00,782 [INFO] ApiDb:426 - User favorites MCUs=[]
2022-12-14 16:52:00,783 [INFO] DbMcus:221 - Set 0 / 0 favorites MCUs
2022-12-14 16:52:00,940 [INFO] ApiDb:447 - Save user favorites file /Users/emil/.stm32cubeide/favorites.boards.txt: 1 item(s)
2022-12-14 16:52:00,941 [INFO] ApiDb:451 - User favorites Boards=[NUCLEO-L476RG]
2022-12-14 16:52:00,942 [INFO] ApiDb:580 - Connected to CubeFinder SQLite database (/Users/emil/.stmcufinder/plugins/mcufinder/mcu/cube-finder-db.db)
2022-12-14 16:52:00,982 [INFO] ApiDb:667 - CubeFinder database Data Model version=2.1
2022-12-14 16:52:00,983 [INFO] ApiDb:668 - CubeFinder database Configuration version=3.0.35
2022-12-14 16:52:00,983 [INFO] ApiDb:669 - CubeFinder database generation date=2022-11-18 (1668769384)
2022-12-14 16:52:00,983 [INFO] ApiDb:670 - CubeFinder database FW Pack versions=[FP-ATR-ASTRA1_V1.1.1, STM32Cube_FW_C0_V1.0.0, STM32Cube_FW_F4_V1.27.1, STM32Cube_FW_F7_V1.17.0, STM32Cube_FW_G0_V1.6.1, STM32Cube_FW_G4_V1.5.0, STM32Cube_FW_H5_V0.5.1, STM32Cube_FW_H7_V1.11.0, STM32Cube_FW_L5_V1.5.0, STM32Cube_FW_U5_V1.1.1, STM32Cube_FW_WBA_V0.2.0, STM32Cube_FW_WB_V1.15.0, STM32Cube_FW_WB_V1.15.0RC1, STM32Cube_FW_WL_V1.3.0, X-CUBE-ALGOBUILD_V1.3.0, X-CUBE-ALS_V1.0.1, X-CUBE-AZRTOS-F4_V1.1.0, X-CUBE-AZRTOS-F7_V1.1.0, X-CUBE-AZRTOS-G0_V1.1.0, X-CUBE-AZRTOS-G4_V1.0.0, X-CUBE-AZRTOS-H7_V2.1.0, X-CUBE-AZRTOS-L4_V1.0.0, X-CUBE-AZRTOS-L5_V1.0.0, X-CUBE-AZRTOS-WL_V1.0.0, X-CUBE-BLE1_V6.2.4, X-CUBE-BLE2_V3.3.0, X-CUBE-BLEMGR_V1.2.0, X-CUBE-EEPRMA1_V3.1.1, X-CUBE-GNSS1_V6.0.0, X-CUBE-MEMS1_V9.1.0, X-CUBE-MEMS1_V9.3.0, X-CUBE-NFC4_V2.0.4, X-CUBE-NFC7_V1.0.0, X-CUBE-SFXS2LP1_V4.0.0, X-CUBE-SUBG2_V5.0.0]
2022-12-14 16:52:01,025 [INFO] DbBoardsSqlite:225 - include board P-NUCLEO-WB55-NUCLEO as a kit item of type 'Nucleo-64'
2022-12-14 16:52:01,026 [INFO] DbBoardsSqlite:225 - include board P-NUCLEO-WB55-USBDONGLE as a kit item of type 'Nucleo USB Dongle'
2022-12-14 16:52:01,026 [INFO] DbBoardsSqlite:225 - include board STEVAL-IDP005V1 as a kit item of type 'Evaluation Board'
2022-12-14 16:52:01,026 [INFO] DbBoardsSqlite:225 - include board STEVAL-IDP005V2 as a kit item of type 'Evaluation Board'
2022-12-14 16:52:01,044 [INFO] ApiDb:239 - Found 143 in-development CPN: [B-WB1M-WPAN1, B-WL5M-SUBG1, NUCLEO-C031C6, STEVAL-PROTEUS1, STEVAL-STWINBX1, STM320518-EVAL, STM32C0116-DK, STM32C011D6Y3TR, STM32C011D6Y6TR, STM32C011F4P3, STM32C011F4P6, STM32C011F4U3, STM32C011F4U6TR, STM32C011F6P3, STM32C011F6P6, STM32C011F6U3, STM32C011F6U6TR, STM32C011J4M3, STM32C011J4M6, STM32C011J6M3, STM32C011J6M6, STM32C0316-DK, STM32C031C4T3, STM32C031C4T6, STM32C031C4U3, STM32C031C4U6, STM32C031C6T3, STM32C031C6T6, STM32C031C6U3, STM32C031C6U6, STM32C031F4P3, STM32C031F4P6, STM32C031F6P3, STM32C031F6P6, STM32C031G4U3, STM32C031G4U6, STM32C031G6U3, STM32C031G6U6, STM32C031K4T3, STM32C031K4T6, STM32C031K4U3, STM32C031K4U6, STM32C031K6T3, STM32C031K6T6, STM32C031K6U3, STM32C031K6U6, STM32G071K8TXN, STM32G071K8UXN, STM32G081GBU6N, STM32G081KBT6N, STM32G081KBUXN, STM32G0B1CCT6N, STM32G0B1KCT6, STM32G0B1NEY6TR, STM32G0B1RCT6N, STM32G0C1CCT6, STM32G0C1CCT6N, STM32G0C1CCU6N, STM32G0C1CET6N, STM32G0C1CEU6N, STM32G0C1KCT6, STM32G0C1NEY6TR, STM32G0C1RCI6N, STM32G0C1RCT6N, STM32G0C1REI6N, STM32G0C1RET6N, STM32G0C1VCI6, STM32G0C1VEI6, STM32G471CCT6, STM32G471CCU6, STM32G471CET3, STM32G471CET6, STM32G471CEU3, STM32G471CEU6, STM32G471MCT6, STM32G471MET3, STM32G471MET6, STM32G471MEY6TR, STM32G471QCT6, STM32G471QET3, STM32G471RCT6, STM32G471RET3, STM32G471RET6, STM32G471VCH6, STM32G471VCI6, STM32G471VCT6, STM32G471VEH3, STM32G471VEH6, STM32G471VEI3, STM32G471VEI6, STM32G471VET3, STM32G471VET6, STM32G474CCT6, STM32L476VGY6PTR, STM32L4R5QGI6STR, STM32MP131AAE3, STM32MP131AAF3, STM32MP131AAG3, STM32MP131CAE3, STM32MP131CAF3, STM32MP131CAG3, STM32MP131DAE7, STM32MP131DAF7, STM32MP131DAG7, STM32MP131FAE7, STM32MP131FAF7, STM32MP131FAG7, STM32MP133AAE3, STM32MP133AAF3, STM32MP133AAG3, STM32MP133CAE3, STM32MP133CAF3, STM32MP133CAG3, STM32MP133DAE7, STM32MP133DAF7, STM32MP133DAG7, STM32MP133FAE7, STM32MP133FAF7, STM32MP133FAG7, STM32MP135AAE3, STM32MP135AAF3, STM32MP135AAG3, STM32MP135CAE3, STM32MP135CAF3, STM32MP135CAG3, STM32MP135DAE7, STM32MP135DAF7, STM32MP135DAG7, STM32MP135F-DK, STM32MP135FAE7, STM32MP135FAF7, STM32MP135FAF7T, STM32MP135FAF7U, STM32MP135FAG7, STM32U595ZJT6Q, STM32U599BJY6QTR, STM32U599NIH6Q, STM32U599NJH6Q, STM32U5A5ZJT6Q, STM32U5A9BJY6QTR, STM32U5A9NJH6Q, STM32WB1MMCH6, STM32WL5MOCH6TR]
2022-12-14 16:52:01,128 [INFO] BoardInfo:879 - No configuration file found for board P-NUCLEO-WB55
2022-12-14 16:52:01,129 [INFO] DbBoards:156 - Kit is not supported: P-NUCLEO-WB55
2022-12-14 16:52:01,141 [INFO] BoardInfo:879 - No configuration file found for board STEVAL-BFA001V1B
2022-12-14 16:52:01,141 [INFO] DbBoards:156 - Kit is not supported: STEVAL-BFA001V1B
2022-12-14 16:52:01,142 [INFO] BoardInfo:879 - No configuration file found for board STEVAL-BFA001V2B
2022-12-14 16:52:01,143 [INFO] DbBoards:156 - Kit is not supported: STEVAL-BFA001V2B
2022-12-14 16:52:01,270 [INFO] DbBoards:160 - Found 179 boards, 176 are supported
2022-12-14 16:52:01,281 [INFO] ApiDb:422 - Load user favorites file /Users/emil/.stm32cubeide/favorites.boards.txt: 1 item(s)
2022-12-14 16:52:01,283 [INFO] ApiDb:426 - User favorites Boards=[NUCLEO-L476RG]
2022-12-14 16:52:01,283 [INFO] DbBoards:189 - Set 1 / 1 favorites Boards
2022-12-14 16:52:01,318 [INFO] LoadUrlFilesThread:179 - End of LoadServerUrlFiles without Thread
2022-12-14 16:52:01,318 [INFO] TargetSelectorAdapter:258 - Refresh data is successful
2022-12-14 16:52:01,330 [INFO] ApiDb:667 - CubeFinder database Data Model version=2.1
2022-12-14 16:52:01,331 [INFO] ApiDb:668 - CubeFinder database Configuration version=3.0.35
2022-12-14 16:52:01,331 [INFO] ApiDb:669 - CubeFinder database generation date=2022-11-18 (1668769384)
2022-12-14 16:52:01,331 [INFO] ApiDb:670 - CubeFinder database FW Pack versions=[FP-ATR-ASTRA1_V1.1.1, STM32Cube_FW_C0_V1.0.0, STM32Cube_FW_F4_V1.27.1, STM32Cube_FW_F7_V1.17.0, STM32Cube_FW_G0_V1.6.1, STM32Cube_FW_G4_V1.5.0, STM32Cube_FW_H5_V0.5.1, STM32Cube_FW_H7_V1.11.0, STM32Cube_FW_L5_V1.5.0, STM32Cube_FW_U5_V1.1.1, STM32Cube_FW_WBA_V0.2.0, STM32Cube_FW_WB_V1.15.0, STM32Cube_FW_WB_V1.15.0RC1, STM32Cube_FW_WL_V1.3.0, X-CUBE-ALGOBUILD_V1.3.0, X-CUBE-ALS_V1.0.1, X-CUBE-AZRTOS-F4_V1.1.0, X-CUBE-AZRTOS-F7_V1.1.0, X-CUBE-AZRTOS-G0_V1.1.0, X-CUBE-AZRTOS-G4_V1.0.0, X-CUBE-AZRTOS-H7_V2.1.0, X-CUBE-AZRTOS-L4_V1.0.0, X-CUBE-AZRTOS-L5_V1.0.0, X-CUBE-AZRTOS-WL_V1.0.0, X-CUBE-BLE1_V6.2.4, X-CUBE-BLE2_V3.3.0, X-CUBE-BLEMGR_V1.2.0, X-CUBE-EEPRMA1_V3.1.1, X-CUBE-GNSS1_V6.0.0, X-CUBE-MEMS1_V9.1.0, X-CUBE-MEMS1_V9.3.0, X-CUBE-NFC4_V2.0.4, X-CUBE-NFC7_V1.0.0, X-CUBE-SFXS2LP1_V4.0.0, X-CUBE-SUBG2_V5.0.0]
2022-12-14 16:52:02,102 [INFO] DbExamplesSqlite:375 - Ignored 31 examples not supported by CubeIDE
2022-12-14 16:52:02,106 [INFO] DbExamplesSqlite:376 - Found 6217 examples active
2022-12-14 16:52:02,107 [INFO] DbExamplesSqlite:377 - Found 275 examples obsolete
2022-12-14 16:52:02,107 [INFO] DbExamplesSqlite:378 - Found 0 examples under development
2022-12-14 16:52:02,107 [INFO] DbExamplesSqlite:379 - Found 77 examples not building
2022-12-14 16:52:02,109 [INFO] DbExamples:124 - Found 6263 examples
2022-12-14 16:52:02,138 [ERROR] DbExamples:207 - Found 106 examples with invalid data (board or MCU)
2022-12-14 16:52:02,139 [INFO] DbExamples:221 - Found 78 boards with related examples
2022-12-14 16:52:02,140 [INFO] DbExamples:234 - Found 63 MCUs with related examples
2022-12-14 16:52:02,158 [INFO] ApiDb:422 - Load user favorites file /Users/emil/.stm32cubeide/favorites.examples.txt: 0 item(s)
2022-12-14 16:52:02,159 [INFO] ApiDb:426 - User favorites Examples=[]
2022-12-14 16:52:02,159 [INFO] DbExamples:249 - Set 0 / 0 favorites Examples
2022-12-14 16:52:02,414 [INFO] McuFinderGlobals:65 - Set McuFinderConnectedMode to true
2022-12-14 16:52:02,421 [INFO] MultiScanPanel:196 - Auto-refresh data requested => check proxy status ongoing
2022-12-14 16:52:02,423 [INFO] FinderPluginLoader:92 - Searching for filters in installed packs
2022-12-14 16:52:03,218 [INFO] LoadUrlFilesThread:179 - End of LoadServerUrlFiles without Thread
2022-12-14 16:52:03,223 [INFO] DetailPanel:339 - Set advertising image to /Users/emil/STM32Cube/Repository//en.Prom_NBSTM32U50921.jpg
2022-12-14 16:52:14,746 [INFO] MainUpdater:2800 - connection check result : 10
2022-12-14 16:52:14,751 [INFO] MainUpdater:2800 - connection check result : 10
2022-12-14 16:52:15,190 [INFO] MicroXplorer:451 - Change Database Path : 
2022-12-14 16:52:15,190 [INFO] MicroXplorer:481 - Change Database Version : DB.6.0.70
2022-12-14 16:52:15,191 [WARN] ThirdParty:845 - waiting for thirdparty lock release [close project]
2022-12-14 16:52:15,191 [INFO] ThirdParty:847 - entering critical section [close project]
2022-12-14 16:52:15,198 [INFO] ThirdParty:857 - exiting critical section [close project]
2022-12-14 16:52:15,202 [INFO] PinOutPanel:1477 - setPackage(No Configuration,No Configuration)
2022-12-14 16:52:15,216 [INFO] UtilMem:74 - Begin LoadConfig() Used Memory: 293489752 Bytes (367001600)
2022-12-14 16:52:15,221 [INFO] MicroXplorer:451 - Change Database Path : 
2022-12-14 16:52:15,222 [INFO] MicroXplorer:481 - Change Database Version : DB.6.0.70
2022-12-14 16:52:15,222 [INFO] OpenFileManager:307 - Change cursor
2022-12-14 16:52:15,305 [INFO] Mcu:1925 - Initializing MCU STM32L476R(C-E-G)Tx STM32L476RGTx STM32L476RGT3
2022-12-14 16:52:18,016 [INFO] Context:654 - Trying to add GPIOservice into a context  which must be forbidden
2022-12-14 16:52:19,387 [INFO] RtosManager:489 - Registered RTOS mode: class=CMSIS, group=RTOS, mode=CMSIS_V1, owner=FREERTOS
2022-12-14 16:52:19,391 [INFO] RtosManager:489 - Registered RTOS mode: class=CMSIS, group=RTOS2, mode=CMSIS_V2, owner=FREERTOS
2022-12-14 16:52:19,391 [INFO] RtosManager:489 - Registered RTOS mode: class=RTOS, group=Core, mode=CMSIS_V1, owner=FREERTOS
2022-12-14 16:52:19,391 [INFO] RtosManager:489 - Registered RTOS mode: class=RTOS, group=Core, mode=CMSIS_V2, owner=FREERTOS
2022-12-14 16:52:19,392 [WARN] ModelIntegratedComponent:185 - Missing modes for component STMicroelectronics:FreeRTOS:0.0.1:STMicroelectronics:RTOS:FreeRTOS:Core:::10.2.0:
2022-12-14 16:52:19,415 [WARN] ModelIntegratedComponent:64 - No mode defined for component null
2022-12-14 16:52:19,416 [WARN] ModelIntegratedComponent:64 - No mode defined for component null
2022-12-14 16:52:19,416 [WARN] ModelIntegratedComponent:64 - No mode defined for component null
2022-12-14 16:52:19,416 [WARN] ModelIntegratedComponent:64 - No mode defined for component null
2022-12-14 16:52:19,416 [WARN] ModelIntegratedComponent:64 - No mode defined for component null
2022-12-14 16:52:19,416 [WARN] ModelIntegratedComponent:64 - No mode defined for component null
2022-12-14 16:52:19,417 [WARN] ModelIntegratedComponent:64 - No mode defined for component null
2022-12-14 16:52:19,417 [WARN] ModelIntegratedComponent:64 - No mode defined for component null
2022-12-14 16:52:19,417 [WARN] ModelIntegratedComponent:64 - No mode defined for component null
2022-12-14 16:52:19,417 [WARN] ModelIntegratedComponent:64 - No mode defined for component null
2022-12-14 16:52:19,417 [WARN] ModelIntegratedComponent:64 - No mode defined for component null
2022-12-14 16:52:19,417 [WARN] ModelIntegratedComponent:64 - No mode defined for component null
2022-12-14 16:52:19,417 [WARN] ModelIntegratedComponent:64 - No mode defined for component null
2022-12-14 16:52:19,417 [WARN] ModelIntegratedComponent:64 - No mode defined for component null
2022-12-14 16:52:19,418 [WARN] ModelIntegratedComponent:64 - No mode defined for component null
2022-12-14 16:52:19,418 [WARN] ModelIntegratedComponent:64 - No mode defined for component null
2022-12-14 16:52:19,418 [WARN] ModelIntegratedComponent:64 - No mode defined for component null
2022-12-14 16:52:19,418 [WARN] ModelIntegratedComponent:64 - No mode defined for component null
2022-12-14 16:52:19,418 [WARN] ModelIntegratedComponent:64 - No mode defined for component null
2022-12-14 16:52:19,418 [WARN] ModelIntegratedComponent:64 - No mode defined for component null
2022-12-14 16:52:19,418 [WARN] ModelIntegratedComponent:64 - No mode defined for component null
2022-12-14 16:52:19,419 [WARN] ModelIntegratedComponent:64 - No mode defined for component null
2022-12-14 16:52:19,419 [WARN] ModelIntegratedComponent:64 - No mode defined for component null
2022-12-14 16:52:19,421 [WARN] ModelIntegratedComponent:64 - No mode defined for component null
2022-12-14 16:52:19,421 [WARN] ModelIntegratedComponent:64 - No mode defined for component null
2022-12-14 16:52:19,422 [WARN] ModelIntegratedComponent:64 - No mode defined for component null
2022-12-14 16:52:19,422 [WARN] ModelIntegratedComponent:64 - No mode defined for component null
2022-12-14 16:52:19,422 [WARN] ModelIntegratedComponent:64 - No mode defined for component null
2022-12-14 16:52:19,422 [WARN] ModelIntegratedComponent:64 - No mode defined for component null
2022-12-14 16:52:19,422 [WARN] ModelIntegratedComponent:64 - No mode defined for component null
2022-12-14 16:52:19,422 [WARN] ModelIntegratedComponent:64 - No mode defined for component null
2022-12-14 16:52:19,422 [WARN] ModelIntegratedComponent:64 - No mode defined for component null
2022-12-14 16:52:19,422 [WARN] ModelIntegratedComponent:64 - No mode defined for component null
2022-12-14 16:52:19,630 [INFO] ThirdPartyModel:294 - Start build external matchings
2022-12-14 16:52:20,122 [INFO] ThirdPartyModel:310 - End build external matchings
2022-12-14 16:52:20,187 [INFO] RtosManager:802 - Current active RTOS is FREERTOS [Cortex-M4NS]
2022-12-14 16:52:20,218 [INFO] ImportTextPane:193 - (OptionalMessage_ERROR) IP (RCC) : Invalid parameter (FamilyName)
2022-12-14 16:52:20,225 [INFO] ImportTextPane:193 - (OptionalMessage_ERROR) IP (RCC) : Parameter (RNGFreq_Value) has invalid value (64000000)
2022-12-14 16:52:20,226 [INFO] ImportTextPane:193 - (OptionalMessage_ERROR) IP (RCC) : Parameter (SDMMCFreq_Value) has invalid value (64000000)
2022-12-14 16:52:20,226 [INFO] ImportTextPane:193 - (OptionalMessage_ERROR) IP (RCC) : Parameter (USBFreq_Value) has invalid value (64000000)
2022-12-14 16:52:20,593 [INFO] UtilMem:74 - End LoadConfig() Used Memory: 262175744 Bytes (395313152)
2022-12-14 16:52:20,757 [WARN] ThirdParty:807 - waiting for thirdparty lock release [change project]
2022-12-14 16:52:20,757 [INFO] ThirdParty:809 - entering critical section [change project]
2022-12-14 16:52:20,758 [INFO] ThirdParty:999 - CMSIS Pack Vendor :STMicroelectronics X-CUBE-ISPU 1.1.0
2022-12-14 16:52:20,758 [INFO] ThirdParty:999 - CMSIS Pack Vendor :RoweBots I-CUBE-UNISONRTOS 5.5.0-4
2022-12-14 16:52:20,758 [INFO] ThirdParty:999 - CMSIS Pack Vendor :STMicroelectronics X-CUBE-GNSS1 6.0.0
2022-12-14 16:52:20,758 [INFO] ThirdParty:999 - CMSIS Pack Vendor :STMicroelectronics X-CUBE-AZRTOS-H7 2.1.0
2022-12-14 16:52:20,758 [INFO] ThirdParty:999 - CMSIS Pack Vendor :STMicroelectronics USB_HOST 2.0.0
2022-12-14 16:52:20,758 [INFO] ThirdParty:999 - CMSIS Pack Vendor :STMicroelectronics X-CUBE-AZRTOS-F4 1.1.0
2022-12-14 16:52:20,758 [INFO] ThirdParty:999 - CMSIS Pack Vendor :STMicroelectronics LIBJPEG 8.0.0
2022-12-14 16:52:20,759 [INFO] ThirdParty:999 - CMSIS Pack Vendor :STMicroelectronics USB_DEVICE 3.0.0
2022-12-14 16:52:20,759 [INFO] ThirdParty:999 - CMSIS Pack Vendor :STMicroelectronics X-CUBE-BLEMGR 1.2.0
2022-12-14 16:52:20,759 [INFO] ThirdParty:999 - CMSIS Pack Vendor :STMicroelectronics X-CUBE-AZRTOS-F7 1.1.0
2022-12-14 16:52:20,759 [INFO] ThirdParty:999 - CMSIS Pack Vendor :STMicroelectronics X-CUBE-MEMS1 9.4.0
2022-12-14 16:52:20,759 [INFO] ThirdParty:999 - CMSIS Pack Vendor :STMicroelectronics USB_DEVICE 2.0.0
2022-12-14 16:52:20,759 [INFO] ThirdParty:999 - CMSIS Pack Vendor :STMicroelectronics X-CUBE-AI 7.3.0
2022-12-14 16:52:20,759 [INFO] ThirdParty:999 - CMSIS Pack Vendor :STMicroelectronics X-CUBE-BLE1 6.2.3
2022-12-14 16:52:20,759 [INFO] ThirdParty:999 - CMSIS Pack Vendor :STMicroelectronics X-CUBE-ALGOBUILD 1.3.0
2022-12-14 16:52:20,759 [INFO] ThirdParty:999 - CMSIS Pack Vendor :STMicroelectronics X-CUBE-BLE1 6.2.4
2022-12-14 16:52:20,759 [INFO] ThirdParty:999 - CMSIS Pack Vendor :STMicroelectronics X-CUBE-AZRTOS-L5 1.1.0
2022-12-14 16:52:20,759 [INFO] ThirdParty:999 - CMSIS Pack Vendor :STMicroelectronics FreeRTOS 0.0.1
2022-12-14 16:52:20,759 [INFO] ThirdParty:999 - CMSIS Pack Vendor :STMicroelectronics X-CUBE-AZRTOS-G0 1.1.0
2022-12-14 16:52:20,760 [INFO] ThirdParty:999 - CMSIS Pack Vendor :STMicroelectronics X-CUBE-SUBG2 5.0.0
2022-12-14 16:52:20,760 [INFO] ThirdParty:999 - CMSIS Pack Vendor :STMicroelectronics STM32_WPAN 1.0.0
2022-12-14 16:52:20,760 [INFO] ThirdParty:999 - CMSIS Pack Vendor :SEGGER I-CUBE-embOS 1.2.1
2022-12-14 16:52:20,760 [INFO] ThirdParty:999 - CMSIS Pack Vendor :STMicroelectronics lwIP 2.0.3
2022-12-14 16:52:20,760 [INFO] ThirdParty:999 - CMSIS Pack Vendor :STMicroelectronics X-CUBE-NFC4 2.0.5
2022-12-14 16:52:20,760 [INFO] ThirdParty:999 - CMSIS Pack Vendor :STMicroelectronics X-CUBE-NFC4 2.0.4
2022-12-14 16:52:20,760 [INFO] ThirdParty:999 - CMSIS Pack Vendor :STMicroelectronics USB_HOST 1.0.0
2022-12-14 16:52:20,760 [INFO] ThirdParty:999 - CMSIS Pack Vendor :STMicroelectronics PDM2PCM 3.1.0
2022-12-14 16:52:20,760 [INFO] ThirdParty:999 - CMSIS Pack Vendor :STMicroelectronics FP-ATR-ASTRA1 1.1.1
2022-12-14 16:52:20,760 [INFO] ThirdParty:999 - CMSIS Pack Vendor :STMicroelectronics PDM2PCM 3.3.0
2022-12-14 16:52:20,760 [INFO] ThirdParty:999 - CMSIS Pack Vendor :STMicroelectronics X-CUBE-BLEMGR 1.3.0
2022-12-14 16:52:20,760 [INFO] ThirdParty:999 - CMSIS Pack Vendor :STMicroelectronics X-CUBE-AZRTOS-G4 1.0.0
2022-12-14 16:52:20,760 [INFO] ThirdParty:999 - CMSIS Pack Vendor :STMicroelectronics FP-ATR-SIGFOX1 3.2.0
2022-12-14 16:52:20,760 [INFO] ThirdParty:999 - CMSIS Pack Vendor :STMicroelectronics X-CUBE-AZRTOS-L4 1.0.0
2022-12-14 16:52:20,760 [INFO] ThirdParty:999 - CMSIS Pack Vendor :wolfSSL I-CUBE-wolfSSL 5.5.1
2022-12-14 16:52:20,761 [INFO] ThirdParty:999 - CMSIS Pack Vendor :STMicroelectronics HAL Drivers 0.0.0
2022-12-14 16:52:20,761 [INFO] ThirdParty:999 - CMSIS Pack Vendor :STMicroelectronics MBEDTLS 2.16.2
2022-12-14 16:52:20,761 [INFO] ThirdParty:999 - CMSIS Pack Vendor :emotas I-CUBE-CANOPEN 1.1.2
2022-12-14 16:52:20,761 [INFO] ThirdParty:999 - CMSIS Pack Vendor :STMicroelectronics X-CUBE-TOUCHGFX 4.20.0
2022-12-14 16:52:20,761 [INFO] ThirdParty:999 - CMSIS Pack Vendor :STMicroelectronics MBEDTLS 2.14.1
2022-12-14 16:52:20,761 [INFO] ThirdParty:999 - CMSIS Pack Vendor :STMicroelectronics X-CUBE-NFC7 1.0.0
2022-12-14 16:52:20,761 [INFO] ThirdParty:999 - CMSIS Pack Vendor :STMicroelectronics X-CUBE-AZRTOS-WL 1.0.0
2022-12-14 16:52:20,761 [INFO] ThirdParty:999 - CMSIS Pack Vendor :STMicroelectronics X-CUBE-MEMS1 9.3.0
2022-12-14 16:52:20,761 [INFO] ThirdParty:999 - CMSIS Pack Vendor :portGmbH I-Cube-SoM-uGOAL 1.1.0
2022-12-14 16:52:20,761 [INFO] ThirdParty:999 - CMSIS Pack Vendor :STMicroelectronics X-CUBE-ALS 1.0.1
2022-12-14 16:52:20,761 [INFO] ThirdParty:999 - CMSIS Pack Vendor :STMicroelectronics ThreadX 1.0.0
2022-12-14 16:52:20,761 [INFO] ThirdParty:999 - CMSIS Pack Vendor :STMicroelectronics X-CUBE-AZRTOS-WB 1.1.0
2022-12-14 16:52:20,761 [INFO] ThirdParty:999 - CMSIS Pack Vendor :STMicroelectronics X-CUBE-AZRTOS-L5 1.0.0
2022-12-14 16:52:20,761 [INFO] ThirdParty:999 - CMSIS Pack Vendor :STMicroelectronics USB_DEVICE 1.0.0
2022-12-14 16:52:20,761 [INFO] ThirdParty:999 - CMSIS Pack Vendor :STMicroelectronics X-CUBE-EEPRMA1 3.1.1
2022-12-14 16:52:20,762 [INFO] ThirdParty:999 - CMSIS Pack Vendor :STMicroelectronics ThreadX 0.0.2
2022-12-14 16:52:20,762 [INFO] ThirdParty:999 - CMSIS Pack Vendor :STMicroelectronics lwIP 2.1.2
2022-12-14 16:52:20,762 [INFO] ThirdParty:999 - CMSIS Pack Vendor :STMicroelectronics X-CUBE-SFXS2LP1 4.0.0
2022-12-14 16:52:20,762 [INFO] ThirdParty:999 - CMSIS Pack Vendor :STMicroelectronics X-CUBE-BLE2 3.3.0
2022-12-14 16:52:20,762 [INFO] ThirdParty:999 - CMSIS Pack Vendor :STMicroelectronics X-CUBE-DISPLAY 2.2.0
2022-12-14 16:52:20,762 [INFO] ThirdParty:999 - CMSIS Pack Vendor :STMicroelectronics X-CUBE-TOF1 3.2.0
2022-12-14 16:52:20,762 [INFO] ThirdParty:999 - CMSIS Pack Vendor :STMicroelectronics PDM2PCM 3.2.0
2022-12-14 16:52:20,762 [INFO] ThirdParty:999 - CMSIS Pack Vendor :STMicroelectronics X-CUBE-ISPU 1.0.0
2022-12-14 16:52:20,763 [INFO] ThirdParty:815 - exiting critical section [change project]
2022-12-14 16:52:21,799 [INFO] PinOutPanel:1477 - setPackage(No Configuration,No Configuration)
2022-12-14 16:52:21,811 [INFO] PinOutPanel:1477 - setPackage(STM32L476RGTx,LQFP64)
2022-12-14 16:52:23,276 [INFO] UtilMem:74 - Before build in PCC Used Memory: 297272616 Bytes (395313152)
2022-12-14 16:52:25,016 [INFO] UtilMem:74 - After build in PCC Used Memory: 286195736 Bytes (395313152)
2022-12-14 16:52:25,106 [INFO] ApiDbMcu:505 - Load IP Config File for FREERTOS
2022-12-14 16:52:25,160 [INFO] IPUIPlugin:79 - create IPUIPlugin
2022-12-14 16:52:25,161 [INFO] IPUIPlugin:79 - create IPUIPlugin
2022-12-14 16:52:25,161 [INFO] IPUIPlugin:79 - create IPUIPlugin
2022-12-14 16:52:25,165 [INFO] IPUIPlugin:79 - create IPUIPlugin
2022-12-14 16:52:25,166 [INFO] IPUIPlugin:79 - create IPUIPlugin
2022-12-14 16:52:25,166 [INFO] IPUIPlugin:79 - create IPUIPlugin
2022-12-14 16:52:25,167 [INFO] IPUIPlugin:79 - create IPUIPlugin
2022-12-14 16:52:25,168 [INFO] IPUIPlugin:79 - create IPUIPlugin
2022-12-14 16:52:25,168 [INFO] IPUIPlugin:79 - create IPUIPlugin
2022-12-14 16:52:25,170 [INFO] IPUIPlugin:79 - create IPUIPlugin
2022-12-14 16:52:25,170 [INFO] IPUIPlugin:79 - create IPUIPlugin
2022-12-14 16:52:25,171 [INFO] IPUIPlugin:79 - create IPUIPlugin
2022-12-14 16:52:25,173 [INFO] IPUIPlugin:79 - create IPUIPlugin
2022-12-14 16:52:25,173 [INFO] IPUIPlugin:79 - create IPUIPlugin
2022-12-14 16:52:25,173 [INFO] IPUIPlugin:79 - create IPUIPlugin
2022-12-14 16:52:25,174 [INFO] IPUIPlugin:79 - create IPUIPlugin
2022-12-14 16:52:25,174 [INFO] IPUIPlugin:79 - create IPUIPlugin
2022-12-14 16:52:25,175 [INFO] IPUIPlugin:79 - create IPUIPlugin
2022-12-14 16:52:25,176 [INFO] IPUIPlugin:79 - create IPUIPlugin
2022-12-14 16:52:25,176 [INFO] IPUIPlugin:79 - create IPUIPlugin
2022-12-14 16:52:25,179 [INFO] IPUIPlugin:79 - create IPUIPlugin
2022-12-14 16:52:25,180 [INFO] IPUIPlugin:79 - create IPUIPlugin
2022-12-14 16:52:25,180 [INFO] IPUIPlugin:79 - create IPUIPlugin
2022-12-14 16:52:25,180 [INFO] IPUIPlugin:79 - create IPUIPlugin
2022-12-14 16:52:25,180 [INFO] IPUIPlugin:79 - create IPUIPlugin
2022-12-14 16:52:25,180 [INFO] IPUIPlugin:79 - create IPUIPlugin
2022-12-14 16:52:25,181 [INFO] IPUIPlugin:79 - create IPUIPlugin
2022-12-14 16:52:25,181 [INFO] IPUIPlugin:79 - create IPUIPlugin
2022-12-14 16:52:25,181 [INFO] IPUIPlugin:79 - create IPUIPlugin
2022-12-14 16:52:25,181 [INFO] IPUIPlugin:79 - create IPUIPlugin
2022-12-14 16:52:25,181 [INFO] IPUIPlugin:79 - create IPUIPlugin
2022-12-14 16:52:25,192 [INFO] IPUIPlugin:79 - create IPUIPlugin
2022-12-14 16:52:25,193 [INFO] IPUIPlugin:79 - create IPUIPlugin
2022-12-14 16:52:25,193 [INFO] IPUIPlugin:79 - create IPUIPlugin
2022-12-14 16:52:25,193 [INFO] IPUIPlugin:79 - create IPUIPlugin
2022-12-14 16:52:25,193 [INFO] IPUIPlugin:79 - create IPUIPlugin
2022-12-14 16:52:25,194 [INFO] IPUIPlugin:79 - create IPUIPlugin
2022-12-14 16:52:25,194 [INFO] IPUIPlugin:79 - create IPUIPlugin
2022-12-14 16:52:25,194 [INFO] IPUIPlugin:79 - create IPUIPlugin
2022-12-14 16:52:25,194 [INFO] IPUIPlugin:79 - create IPUIPlugin
2022-12-14 16:52:25,194 [INFO] IPUIPlugin:79 - create IPUIPlugin
2022-12-14 16:52:25,194 [INFO] IPUIPlugin:79 - create IPUIPlugin
2022-12-14 16:52:25,195 [INFO] IPUIPlugin:79 - create IPUIPlugin
2022-12-14 16:52:25,195 [INFO] IPUIPlugin:79 - create IPUIPlugin
2022-12-14 16:52:25,195 [INFO] IPUIPlugin:79 - create IPUIPlugin
2022-12-14 16:52:25,196 [INFO] IPUIPlugin:79 - create IPUIPlugin
2022-12-14 16:52:25,196 [INFO] IPUIPlugin:79 - create IPUIPlugin
2022-12-14 16:52:25,196 [INFO] IPUIPlugin:79 - create IPUIPlugin
2022-12-14 16:52:25,196 [INFO] IPUIPlugin:79 - create IPUIPlugin
2022-12-14 16:52:25,197 [INFO] IPUIPlugin:79 - create IPUIPlugin
2022-12-14 16:52:25,197 [INFO] IPUIPlugin:79 - create IPUIPlugin
2022-12-14 16:52:25,197 [INFO] IPUIPlugin:79 - create IPUIPlugin
2022-12-14 16:52:25,197 [INFO] IPUIPlugin:79 - create IPUIPlugin
2022-12-14 16:52:25,198 [INFO] IPUIPlugin:79 - create IPUIPlugin
2022-12-14 16:52:25,199 [INFO] IPUIPlugin:79 - create IPUIPlugin
2022-12-14 16:52:25,199 [INFO] IPUIPlugin:79 - create IPUIPlugin
2022-12-14 16:52:25,202 [INFO] IPUIPlugin:79 - create IPUIPlugin
2022-12-14 16:52:25,203 [INFO] IPUIPlugin:79 - create IPUIPlugin
2022-12-14 16:52:25,204 [INFO] IPUIPlugin:79 - create IPUIPlugin
2022-12-14 16:52:25,285 [WARN] FreeRTOS:1022 - Null or empty value: should not occur! (nothing added to the table)
2022-12-14 16:52:26,290 [INFO] CADModel:164 - CPN selected for project levelSTM32L476RGT3
2022-12-14 16:52:26,294 [INFO] CADModel:113 - Register for checkConnection events
2022-12-14 16:52:26,302 [INFO] RtosManager:615 - Active RTOS found at IOC load: FREERTOS [Cortex-M4NS]
2022-12-14 16:52:26,383 [INFO] OpenFileManager:327 - Restore cursor
2022-12-14 16:52:27,761 [INFO] UtilMem:74 - End SaveConfig() Used Memory: 331044920 Bytes (395313152)
2022-12-14 16:52:27,884 [INFO] UtilMem:74 - End SaveConfig() Used Memory: 261130352 Bytes (395313152)
2022-12-14 16:52:28,746 [INFO] BlockDiagram:2759 - set Specific Code input for plugin: SPI
2022-12-14 16:52:28,749 [INFO] BlockDiagram:2759 - set Specific Code input for plugin: FREERTOS
2022-12-14 16:52:28,749 [INFO] BlockDiagram:2759 - set Specific Code input for plugin: SYS
2022-12-14 16:52:28,749 [INFO] BlockDiagram:2759 - set Specific Code input for plugin: RCC
2022-12-14 16:52:28,749 [INFO] BlockDiagram:2759 - set Specific Code input for plugin: NVIC
2022-12-14 16:52:28,751 [INFO] BlockDiagram:2759 - set Specific Code input for plugin: GPIO
2022-12-14 16:52:28,752 [INFO] CodeGenerator:692 - code generatio: config db path: /Applications/STM32CubeIDE.app/Contents/Eclipse/plugins/com.st.stm32cube.common.mx_6.7.0.202211181646//db/
2022-12-14 16:52:29,230 [INFO] CodeEngine:247 - oldGeneratedFile, /Users/emil/streetTest/street/MXTmpFiles/license.tmp_save
2022-12-14 16:52:29,778 [INFO] CodeEngine:271 - Generated code: /Users/emil/streetTest/street/MXTmpFiles/license.tmp
2022-12-14 16:52:30,016 [INFO] CodeEngine:247 - oldGeneratedFile, /Users/emil/streetTest/street/Core/Src/gpio.c_save
2022-12-14 16:52:30,398 [INFO] CodeEngine:271 - Generated code: /Users/emil/streetTest/street/Core/Src/gpio.c
2022-12-14 16:52:30,400 [INFO] CodeEngine:247 - oldGeneratedFile, /Users/emil/streetTest/street/Core/Inc/gpio.h_save
2022-12-14 16:52:30,573 [INFO] CodeEngine:271 - Generated code: /Users/emil/streetTest/street/Core/Inc/gpio.h
2022-12-14 16:52:31,079 [INFO] Middleware:1435 - No code input for Bsp Dependency
2022-12-14 16:52:31,090 [INFO] CodeEngine:247 - oldGeneratedFile, /Users/emil/streetTest/street/MXTmpFiles/rtos_inc.tmp_save
2022-12-14 16:52:31,182 [INFO] CodeEngine:271 - Generated code: /Users/emil/streetTest/street/MXTmpFiles/rtos_inc.tmp
2022-12-14 16:52:31,183 [INFO] CodeEngine:247 - oldGeneratedFile, /Users/emil/streetTest/street/MXTmpFiles/rtos_kernelInit.tmp_save
2022-12-14 16:52:31,260 [INFO] CodeEngine:271 - Generated code: /Users/emil/streetTest/street/MXTmpFiles/rtos_kernelInit.tmp
2022-12-14 16:52:31,261 [INFO] CodeEngine:247 - oldGeneratedFile, /Users/emil/streetTest/street/MXTmpFiles/rtos_kernelStart.tmp_save
2022-12-14 16:52:31,329 [INFO] CodeEngine:271 - Generated code: /Users/emil/streetTest/street/MXTmpFiles/rtos_kernelStart.tmp
2022-12-14 16:52:31,331 [INFO] CodeEngine:247 - oldGeneratedFile, /Users/emil/streetTest/street/MXTmpFiles/rtos_typedefs.tmp_save
2022-12-14 16:52:31,407 [INFO] CodeEngine:271 - Generated code: /Users/emil/streetTest/street/MXTmpFiles/rtos_typedefs.tmp
2022-12-14 16:52:31,409 [INFO] CodeEngine:247 - oldGeneratedFile, /Users/emil/streetTest/street/MXTmpFiles/rtos_vars.tmp_save
2022-12-14 16:52:31,484 [INFO] CodeEngine:271 - Generated code: /Users/emil/streetTest/street/MXTmpFiles/rtos_vars.tmp
2022-12-14 16:52:31,485 [INFO] CodeEngine:247 - oldGeneratedFile, /Users/emil/streetTest/street/MXTmpFiles/rtos_pfp.tmp_save
2022-12-14 16:52:31,555 [INFO] CodeEngine:271 - Generated code: /Users/emil/streetTest/street/MXTmpFiles/rtos_pfp.tmp
2022-12-14 16:52:31,556 [INFO] CodeEngine:247 - oldGeneratedFile, /Users/emil/streetTest/street/MXTmpFiles/rtos_obj_creat.tmp_save
2022-12-14 16:52:31,625 [INFO] CodeEngine:271 - Generated code: /Users/emil/streetTest/street/MXTmpFiles/rtos_obj_creat.tmp
2022-12-14 16:52:31,628 [INFO] CodeEngine:247 - oldGeneratedFile, /Users/emil/streetTest/street/MXTmpFiles/rtos_default_thread.tmp_save
2022-12-14 16:52:31,717 [INFO] CodeEngine:271 - Generated code: /Users/emil/streetTest/street/MXTmpFiles/rtos_default_thread.tmp
2022-12-14 16:52:31,719 [INFO] CodeEngine:247 - oldGeneratedFile, /Users/emil/streetTest/street/MXTmpFiles/rtos_threads.tmp_save
2022-12-14 16:52:31,803 [INFO] CodeEngine:271 - Generated code: /Users/emil/streetTest/street/MXTmpFiles/rtos_threads.tmp
2022-12-14 16:52:31,810 [INFO] Middleware:1435 - No code input for Bsp Dependency
2022-12-14 16:52:31,819 [INFO] CodeEngine:247 - oldGeneratedFile, /Users/emil/streetTest/street/MXTmpFiles/rtos_inc.tmp_save
2022-12-14 16:52:31,876 [INFO] CodeEngine:271 - Generated code: /Users/emil/streetTest/street/MXTmpFiles/rtos_inc.tmp
2022-12-14 16:52:31,877 [INFO] CodeEngine:247 - oldGeneratedFile, /Users/emil/streetTest/street/MXTmpFiles/rtos_kernelInit.tmp_save
2022-12-14 16:52:31,933 [INFO] CodeEngine:271 - Generated code: /Users/emil/streetTest/street/MXTmpFiles/rtos_kernelInit.tmp
2022-12-14 16:52:31,935 [INFO] CodeEngine:247 - oldGeneratedFile, /Users/emil/streetTest/street/MXTmpFiles/rtos_kernelStart.tmp_save
2022-12-14 16:52:32,021 [INFO] CodeEngine:271 - Generated code: /Users/emil/streetTest/street/MXTmpFiles/rtos_kernelStart.tmp
2022-12-14 16:52:32,022 [INFO] CodeEngine:247 - oldGeneratedFile, /Users/emil/streetTest/street/MXTmpFiles/rtos_typedefs.tmp_save
2022-12-14 16:52:32,091 [INFO] CodeEngine:271 - Generated code: /Users/emil/streetTest/street/MXTmpFiles/rtos_typedefs.tmp
2022-12-14 16:52:32,092 [INFO] CodeEngine:247 - oldGeneratedFile, /Users/emil/streetTest/street/MXTmpFiles/rtos_vars.tmp_save
2022-12-14 16:52:32,178 [INFO] CodeEngine:271 - Generated code: /Users/emil/streetTest/street/MXTmpFiles/rtos_vars.tmp
2022-12-14 16:52:32,183 [INFO] CodeEngine:247 - oldGeneratedFile, /Users/emil/streetTest/street/MXTmpFiles/rtos_pfp.tmp_save
2022-12-14 16:52:32,256 [INFO] CodeEngine:271 - Generated code: /Users/emil/streetTest/street/MXTmpFiles/rtos_pfp.tmp
2022-12-14 16:52:32,298 [INFO] CodeEngine:247 - oldGeneratedFile, /Users/emil/streetTest/street/MXTmpFiles/rtos_obj_creat.tmp_save
2022-12-14 16:52:32,397 [INFO] CodeEngine:271 - Generated code: /Users/emil/streetTest/street/MXTmpFiles/rtos_obj_creat.tmp
2022-12-14 16:52:32,408 [INFO] CodeEngine:247 - oldGeneratedFile, /Users/emil/streetTest/street/MXTmpFiles/rtos_default_thread.tmp_save
2022-12-14 16:52:32,471 [INFO] CodeEngine:271 - Generated code: /Users/emil/streetTest/street/MXTmpFiles/rtos_default_thread.tmp
2022-12-14 16:52:32,473 [INFO] CodeEngine:247 - oldGeneratedFile, /Users/emil/streetTest/street/MXTmpFiles/rtos_threads.tmp_save
2022-12-14 16:52:32,526 [INFO] CodeEngine:271 - Generated code: /Users/emil/streetTest/street/MXTmpFiles/rtos_threads.tmp
2022-12-14 16:52:32,528 [INFO] CodeEngine:247 - oldGeneratedFile, /Users/emil/streetTest/street/Core/Inc/FreeRTOSConfig.h_save
2022-12-14 16:52:32,624 [INFO] CodeEngine:271 - Generated code: /Users/emil/streetTest/street/Core/Inc/FreeRTOSConfig.h
2022-12-14 16:52:32,626 [INFO] CodeEngine:247 - oldGeneratedFile, /Users/emil/streetTest/street/Core/Src/freertos.c_save
2022-12-14 16:52:32,714 [INFO] CodeEngine:271 - Generated code: /Users/emil/streetTest/street/Core/Src/freertos.c
2022-12-14 16:52:32,723 [INFO] CodeEngine:247 - oldGeneratedFile, /Users/emil/streetTest/street/Core/Src/spi.c_save
2022-12-14 16:52:32,950 [INFO] CodeEngine:271 - Generated code: /Users/emil/streetTest/street/Core/Src/spi.c
2022-12-14 16:52:32,951 [INFO] CodeEngine:247 - oldGeneratedFile, /Users/emil/streetTest/street/Core/Inc/spi.h_save
2022-12-14 16:52:33,024 [INFO] CodeEngine:271 - Generated code: /Users/emil/streetTest/street/Core/Inc/spi.h
2022-12-14 16:52:33,030 [INFO] CodeEngine:247 - oldGeneratedFile, /Users/emil/streetTest/street/Core/Src/stm32l4xx_it.c_save
2022-12-14 16:52:33,175 [INFO] CodeEngine:271 - Generated code: /Users/emil/streetTest/street/Core/Src/stm32l4xx_it.c
2022-12-14 16:52:33,177 [INFO] CodeEngine:247 - oldGeneratedFile, /Users/emil/streetTest/street/Core/Inc/stm32l4xx_it.h_save
2022-12-14 16:52:33,232 [INFO] CodeEngine:271 - Generated code: /Users/emil/streetTest/street/Core/Inc/stm32l4xx_it.h
2022-12-14 16:52:33,246 [INFO] CodeEngine:247 - oldGeneratedFile, /Users/emil/streetTest/street/Core/Src/stm32l4xx_hal_msp.c_save
2022-12-14 16:52:33,346 [INFO] CodeEngine:271 - Generated code: /Users/emil/streetTest/street/Core/Src/stm32l4xx_hal_msp.c
2022-12-14 16:52:33,347 [INFO] CodeEngine:247 - oldGeneratedFile, /Users/emil/streetTest/street/MXTmpFiles/system.tmp_save
2022-12-14 16:52:33,398 [INFO] CodeEngine:271 - Generated code: /Users/emil/streetTest/street/MXTmpFiles/system.tmp
2022-12-14 16:52:33,399 [INFO] CodeEngine:247 - oldGeneratedFile, /Users/emil/streetTest/street/Core/Src/stm32l4xx_hal_timebase_tim.c_save
2022-12-14 16:52:33,485 [INFO] CodeEngine:271 - Generated code: /Users/emil/streetTest/street/Core/Src/stm32l4xx_hal_timebase_tim.c
2022-12-14 16:52:33,489 [INFO] CodeEngine:303 - oldGeneratedFile, /Users/emil/streetTest/street/Core/Inc/stm32l4xx_hal_conf.h_save
2022-12-14 16:52:33,584 [INFO] CodeEngine:327 - Generated code: /Users/emil/streetTest/street/Core/Inc/stm32l4xx_hal_conf.h
2022-12-14 16:52:33,706 [INFO] CodeEngine:247 - oldGeneratedFile, /Users/emil/streetTest/street/Core/Inc/main.h_save
2022-12-14 16:52:33,804 [INFO] CodeEngine:271 - Generated code: /Users/emil/streetTest/street/Core/Inc/main.h
2022-12-14 16:52:33,806 [INFO] CodeEngine:247 - oldGeneratedFile, /Users/emil/streetTest/street/Core/Src/main.c_save
2022-12-14 16:52:33,992 [INFO] CodeEngine:271 - Generated code: /Users/emil/streetTest/street/Core/Src/main.c
2022-12-14 16:52:35,072 [INFO] ProjectBuilder:2919 - Time for Copy HAL[1] : 125mS.
2022-12-14 16:52:35,114 [INFO] ProjectBuilder:4183 - Project Generator version: 3.18.0-B7
2022-12-14 16:52:35,529 [INFO] ConfigFileManager:1396 - The Die is : DIE415
2022-12-14 16:52:35,547 [INFO] ApiDbMcu:505 - Load IP Config File for FATFS
2022-12-14 16:52:35,558 [INFO] ApiDbMcu:505 - Load IP Config File for TOUCHSENSING
2022-12-14 16:52:35,610 [INFO] ApiDbMcu:505 - Load IP Config File for USB_DEVICE
2022-12-14 16:52:35,617 [INFO] ApiDbMcu:505 - Load IP Config File for USB_HOST
2022-12-14 16:52:39,790 [INFO] ProjectBuilder:4351 - Time for Generating toolchain IDE Files: 4665mS.
2022-12-14 16:52:39,799 [INFO] ProjectBuilder:2790 - Time for Copy CMSIS : 2mS.
2022-12-14 16:52:39,803 [INFO] ProjectBuilder:2790 - Time for Copy CMSIS : 0mS.
2022-12-14 16:52:40,485 [INFO] McuFinderGlobals:65 - Set McuFinderConnectedMode to true
2022-12-14 16:52:40,491 [INFO] ApiDb:447 - Save user favorites file /Users/emil/.stm32cubeide/favorites.mcus.txt: 0 item(s)
2022-12-14 16:52:40,492 [INFO] ApiDb:451 - User favorites MCUs=[]
2022-12-15 16:21:46,662 [INFO] WebAppUi:459 - Close the Jxbrowser engine manually
2022-12-15 16:21:46,723 [INFO] WebAppUi:462 - Profiles folder deleted
2022-12-15 16:21:47,253 [ERROR] LogOutputStream:74 - [STDERR_REDIRECT] 
